

HI-TECH Software PICC Macro Assembler V9.60
                                                      Thu Jan 24 23:02:56 2013


     1                           	processor	16F877A
     2                           	opt	pw 79
     3                           	psect	text0,local,class=CODE,delta=2
     4                           	psect	config,global,class=CONFIG,delta=2
     5                           	psect	strings,global,class=STRING,delta=2
     6                           	psect	const1,local,class=CONST,delta=2
     7                           	psect	const2,local,class=CONST,delta=2
     8                           	psect	const3,local,class=CONST,delta=2
     9                           	psect	const4,local,class=CONST,delta=2
    10                           	psect	const5,local,class=CONST,delta=2
    11                           	psect	rdata_0,global,class=BANK0,space=1,delta
      +                          =1
    12                           	psect	idata_0,global,class=CODE,delta=2
    13                           	psect	text1,local,class=CODE,delta=2
    14                           	psect	rbss_0,global,class=BANK0,space=1,delta=
      +                          1
    15                           	psect	temp,global,ovrld,class=BANK0,space=1,de
      +                          lta=1
    16  0000                     
    17  0000                     
    18  0000                     
    19  0000                     
    20  0000                     
    21  0000                     
    22  0000                     
    23  0000                     
    24  0000                     
    25  0000                     	;#
    26                           
    27                           	psect	text0
    28  0000'                    _main
    29                           ;main.c: 9: void main()
    30  0000' 1683               	bsf	3,5
    31  0001' 1303               	bcf	3,6	;carry unused
    32  0002' 0186               	clrf	6	;volatile
    33                           ;main.c: 12: PORTB= 0x00;
    34  0003' 1283               	bcf	3,5
    35  0004' 0186               	clrf	6	;volatile
    36                           ;main.c: 14: MainSystemInitialize();
    37  0005' 2000'              	call	_MainSystemInitialize
    38                           ;main.c: 15: LCDDisplayInitializing();
    39  0006' 2000'              	call	_LCDDisplayInitializing
    40                           ;main.c: 16: Delay(5000);
    41  0007' 3088               	movlw	136
    42  0008' 0080'              	movwf	?_Delay
    43  0009' 3013               	movlw	19
    44  000A'                    L2
    45  000A' 0081'              	movwf	?_Delay+1
    46  000B' 2000'              	call	_Delay
    47                           ;main.c: 18: while(1)
    48                           ;main.c: 19: {
    49  000C' 0180'              	clrf	_i
    50  000D'                    l8
    51  000D' 3005               	movlw	5
    52  000E' 0200'              	subwf	_i,w
    53  000F' 1803               	btfsc	3,0
    54  0010' 2800'              	goto	l6
    55                           ;main.c: 21: {
    56  0011' 3000'              	movlw	_AT1 shr (0+8)
    57  0012' 008A               	movwf	10
    58  0013' 0800'              	movf	_i,w
    59  0014' 2000'              	call	((_AT1+-1)& (0+2047))| (($)& (0+-2048))
    60  0015'                    	pagesel	$
    61  0015' 2000'              	call	_SendByteSerially
    62  0016' 0A80'              	incf	_i
    63  0017' 2800'              	goto	l8
    64  0018'                    l6
    65                           ;main.c: 23: }
    66  0018' 1618               	bsf	24,4
    67                           ;main.c: 27: do
    68                           ;main.c: 28: {
    69  0019' 2800'              	goto	l12
    70  001A'                    l13
    71                           ;main.c: 30: {
    72  001A' 30FF               	movlw	-1
    73  001B' 0080'              	movwf	_pause
    74                           ;main.c: 32: while(pause--);
    75  001C'                    l15
    76  001C' 0380'              	decf	_pause
    77  001D' 0F00'              	incfsz	_pause,w
    78  001E' 2800'              	goto	l15
    79                           ;main.c: 33: time--;
    80  001F' 3001               	movlw	1
    81  0020' 0080'              	movwf	btemp
    82  0021' 0181'              	clrf	btemp+1
    83  0022' 0182'              	clrf	btemp+2
    84  0023' 0183'              	clrf	btemp+3
    85  0024' 0280'              	subwf	_time
    86  0025' 0801'              	movf	btemp+1,w
    87  0026' 1C03               	btfss	3,0
    88  0027' 0F01'              	incfsz	btemp+1,w
    89  0028' 0281'              	subwf	_time+1
    90  0029' 0802'              	movf	btemp+2,w
    91  002A' 1C03               	btfss	3,0
    92  002B' 0F02'              	incfsz	btemp+2,w
    93  002C' 0282'              	subwf	_time+2
    94  002D' 0803'              	movf	btemp+3,w
    95  002E' 1C03               	btfss	3,0
    96  002F' 0A03'              	incf	btemp+3,w
    97  0030' 0283'              	subwf	_time+3
    98  0031'                    l12
    99  0031' 0803'              	movf	_time+3,w
   100  0032' 0402'              	iorwf	_time+2,w
   101  0033' 0401'              	iorwf	_time+1,w
   102  0034' 0400'              	iorwf	_time,w
   103  0035' 1903               	btfsc	3,2
   104  0036' 2800'              	goto	l14
   105  0037' 1E8C               	btfss	12,5
   106  0038' 2800'              	goto	l13
   107  0039'                    l14
   108                           ;main.c: 34: }
   109  0039' 0800'              	movf	_cnt,w
   110  003A' 3E00'              	addlw	_RX
   111  003B' 0084               	movwf	4
   112  003C' 1383               	bcf	3,7
   113  003D' 081A               	movf	26,w	;volatile
   114  003E' 0080               	movwf	0
   115                           ;main.c: 37: cnt++;
   116  003F' 0A80'              	incf	_cnt
   117                           ;main.c: 38: }while(RX[cnt-1]!='K'&&(time!=0));
   118  0040' 0300'              	decf	_cnt,w
   119  0041' 3E00'              	addlw	_RX
   120  0042' 0084               	movwf	4
   121  0043' 1383               	bcf	3,7
   122  0044' 0800               	movf	0,w
   123  0045' 3A4B               	xorlw	75
   124  0046' 1903               	btfsc	3,2
   125  0047' 2800'              	goto	l10
   126  0048' 0803'              	movf	_time+3,w
   127  0049' 0402'              	iorwf	_time+2,w
   128  004A' 0401'              	iorwf	_time+1,w
   129  004B' 0400'              	iorwf	_time,w
   130  004C' 1D03               	btfss	3,2
   131  004D' 2800'              	goto	l12
   132  004E'                    l10
   133                           ;main.c: 40: if(time==0)
   134  004E' 0803'              	movf	_time+3,w
   135  004F' 0402'              	iorwf	_time+2,w
   136  0050' 0401'              	iorwf	_time+1,w
   137  0051' 0400'              	iorwf	_time,w
   138                           ;main.c: 41: {
   139  0052' 3001               	movlw	1
   140  0053' 1D03               	btfss	3,2
   141  0054' 2800'              	goto	L3
   142  0055' 2000'              	call	_LCDWriteCommand
   143                           ;main.c: 43: LCDWriteString("time out");
   144  0056' 3000'              	movlw	low u19
   145  0057' 0080'              	movwf	?_LCDWriteString
   146  0058' 3000'              	movlw	high u19
   147  0059' 0081'              	movwf	?_LCDWriteString+1
   148  005A' 2000'              	call	_LCDWriteString
   149                           ;main.c: 44: Delay(1000);
   150  005B' 30E8               	movlw	232
   151  005C' 0080'              	movwf	?_Delay
   152  005D' 3003               	movlw	3
   153  005E' 2800'              	goto	L1
   154                           ;main.c: 45: }
   155                           ;main.c: 47: else
   156  005F'                    L3
   157  005F' 2000'              	call	_LCDWriteCommand
   158                           ;main.c: 50: LCDWriteString("ECHO_OFF");
   159  0060' 3000'              	movlw	low u29
   160  0061' 0080'              	movwf	?_LCDWriteString
   161  0062' 3000'              	movlw	high u29
   162  0063' 0081'              	movwf	?_LCDWriteString+1
   163  0064' 2000'              	call	_LCDWriteString
   164                           ;main.c: 51: Delay(2000);
   165  0065' 30D0               	movlw	208
   166  0066' 0080'              	movwf	?_Delay
   167  0067' 3007               	movlw	7
   168  0068'                    L1
   169  0068' 0081'              	movwf	?_Delay+1
   170  0069' 2000'              	call	_Delay
   171                           ;main.c: 52: }
   172  006A' 0180'              	clrf	_i
   173  006B'                    l23
   174  006B' 3003               	movlw	3
   175  006C' 0200'              	subwf	_i,w
   176  006D' 1803               	btfsc	3,0
   177  006E' 2800'              	goto	l21
   178                           ;main.c: 56: {
   179  006F' 3000'              	movlw	_AT shr (0+8)
   180  0070' 008A               	movwf	10
   181  0071' 0800'              	movf	_i,w
   182  0072' 2000'              	call	((_AT+-1)& (0+2047))| (($)& (0+-2048))
   183  0073'                    	pagesel	$
   184  0073' 2000'              	call	_SendByteSerially
   185  0074' 0A80'              	incf	_i
   186  0075' 2800'              	goto	l23
   187  0076'                    l21
   188                           ;main.c: 58: }
   189  0076' 1618               	bsf	24,4
   190                           ;main.c: 62: do
   191                           ;main.c: 63: {
   192  0077' 2800'              	goto	l27
   193  0078'                    l28
   194                           ;main.c: 65: {
   195  0078' 30FF               	movlw	-1
   196  0079' 0080'              	movwf	_pause
   197                           ;main.c: 67: while(pause--);
   198  007A'                    l30
   199  007A' 0380'              	decf	_pause
   200  007B' 0F00'              	incfsz	_pause,w
   201  007C' 2800'              	goto	l30
   202                           ;main.c: 68: time--;
   203  007D' 3001               	movlw	1
   204  007E' 0080'              	movwf	btemp
   205  007F' 0181'              	clrf	btemp+1
   206  0080' 0182'              	clrf	btemp+2
   207  0081' 0183'              	clrf	btemp+3
   208  0082' 0280'              	subwf	_time
   209  0083' 0801'              	movf	btemp+1,w
   210  0084' 1C03               	btfss	3,0
   211  0085' 0F01'              	incfsz	btemp+1,w
   212  0086' 0281'              	subwf	_time+1
   213  0087' 0802'              	movf	btemp+2,w
   214  0088' 1C03               	btfss	3,0
   215  0089' 0F02'              	incfsz	btemp+2,w
   216  008A' 0282'              	subwf	_time+2
   217  008B' 0803'              	movf	btemp+3,w
   218  008C' 1C03               	btfss	3,0
   219  008D' 0A03'              	incf	btemp+3,w
   220  008E' 0283'              	subwf	_time+3
   221  008F'                    l27
   222  008F' 0803'              	movf	_time+3,w
   223  0090' 0402'              	iorwf	_time+2,w
   224  0091' 0401'              	iorwf	_time+1,w
   225  0092' 0400'              	iorwf	_time,w
   226  0093' 1903               	btfsc	3,2
   227  0094' 2800'              	goto	l29
   228  0095' 1E8C               	btfss	12,5
   229  0096' 2800'              	goto	l28
   230  0097'                    l29
   231                           ;main.c: 69: }
   232  0097' 0800'              	movf	_cnt,w
   233  0098' 3E00'              	addlw	_RX
   234  0099' 0084               	movwf	4
   235  009A' 1383               	bcf	3,7
   236  009B' 081A               	movf	26,w	;volatile
   237  009C' 0080               	movwf	0
   238                           ;main.c: 72: cnt++;
   239  009D' 0A80'              	incf	_cnt
   240                           ;main.c: 73: }while(RX[cnt-1]!='K'&&(time!=0));
   241  009E' 0300'              	decf	_cnt,w
   242  009F' 3E00'              	addlw	_RX
   243  00A0' 0084               	movwf	4
   244  00A1' 1383               	bcf	3,7
   245  00A2' 0800               	movf	0,w
   246  00A3' 3A4B               	xorlw	75
   247  00A4' 1903               	btfsc	3,2
   248  00A5' 2800'              	goto	l25
   249  00A6' 0803'              	movf	_time+3,w
   250  00A7' 0402'              	iorwf	_time+2,w
   251  00A8' 0401'              	iorwf	_time+1,w
   252  00A9' 0400'              	iorwf	_time,w
   253  00AA' 1D03               	btfss	3,2
   254  00AB' 2800'              	goto	l27
   255  00AC'                    l25
   256                           ;main.c: 75: if(time==0)
   257  00AC' 0803'              	movf	_time+3,w
   258  00AD' 0402'              	iorwf	_time+2,w
   259  00AE' 0401'              	iorwf	_time+1,w
   260  00AF' 0400'              	iorwf	_time,w
   261                           ;main.c: 76: {
   262  00B0' 3001               	movlw	1
   263  00B1' 1D03               	btfss	3,2
   264  00B2' 2800'              	goto	L4
   265  00B3' 2000'              	call	_LCDWriteCommand
   266                           ;main.c: 78: LCDWriteString("time out");
   267  00B4' 3000'              	movlw	low u39
   268  00B5' 0080'              	movwf	?_LCDWriteString
   269  00B6' 3000'              	movlw	high u39
   270  00B7' 0081'              	movwf	?_LCDWriteString+1
   271  00B8' 2000'              	call	_LCDWriteString
   272                           ;main.c: 79: Delay(1000);
   273  00B9' 30E8               	movlw	232
   274  00BA' 0080'              	movwf	?_Delay
   275  00BB' 3003               	movlw	3
   276  00BC' 2800'              	goto	L2
   277                           ;main.c: 80: }
   278                           ;main.c: 82: else
   279  00BD'                    L4
   280  00BD' 2000'              	call	_LCDWriteCommand
   281                           ;main.c: 85: LCDWriteString("AT_SENT");
   282  00BE' 3000'              	movlw	low u49
   283  00BF' 0080'              	movwf	?_LCDWriteString
   284  00C0' 3000'              	movlw	high u49
   285  00C1' 0081'              	movwf	?_LCDWriteString+1
   286  00C2' 2000'              	call	_LCDWriteString
   287                           ;main.c: 86: Delay(2000);
   288  00C3' 30D0               	movlw	208
   289  00C4' 0080'              	movwf	?_Delay
   290  00C5' 3007               	movlw	7
   291  00C6' 2800'              	goto	L2
   292                           
   293                           	psect	config
   294  0000' 2F0A               	dw	12042	;#
   295                           
   296                           	psect	strings
   297  0000                     
   298  0000                     
   299  0000                     
   300  0000                     
   301  0000                     
   302  0000                     
   303  0000                     
   304  0000                     
   305  0000                     
   306  0000                     
   307  0000                     
   308  0000                     
   309  0000                     
   310  0000                     
   311  0000                     
   312  0000                     
   313  0000                     
   314  0000                     
   315  0000                     
   316  0000                     
   317  0000                     
   318  0000                     
   319  0000                     
   320  0000                     
   321  0000                     
   322  0000                     
   323  0000                     
   324  0000                     
   325  0000                     
   326  0000                     
   327  0000                     
   328  0000                     
   329  0000                     
   330  0000                     
   331  0000                     
   332  0000                     
   333  0000                     
   334  0000                     
   335  0000                     
   336  0000                     
   337  0000                     
   338  0000                     
   339  0000                     
   340  0000                     
   341  0000                     
   342  0000                     
   343  0000                     
   344  0000                     
   345  0000                     
   346  0000                     
   347  0000                     
   348  0000                     
   349  0000                     
   350  0000                     
   351  0000                     
   352  0000                     
   353  0000                     
   354  0000                     
   355  0000                     
   356  0000                     
   357  0000                     
   358  0000                     
   359  0000                     
   360  0000                     
   361  0000                     
   362  0000                     
   363  0000                     
   364  0000                     
   365  0000                     
   366  0000                     
   367  0000                     
   368  0000                     
   369  0000                     
   370  0000                     
   371  0000                     
   372  0000                     
   373  0000                     
   374  0000                     
   375  0000                     
   376  0000                     
   377  0000                     
   378  0000                     
   379  0000                     
   380  0000                     
   381  0000                     
   382  0000                     
   383  0000                     
   384  0000                     
   385  0000                     
   386  0000                     
   387  0000                     
   388  0000                     
   389  0000                     
   390  0000                     
   391  0000                     
   392  0000                     
   393  0000                     
   394  0000                     
   395  0000                     
   396  0000                     
   397  0000                     
   398  0000                     
   399  0000                     
   400  0000                     
   401  0000                     
   402  0000                     
   403  0000                     
   404  0000                     
   405  0000                     
   406  0000                     
   407  0000                     
   408  0000                     
   409  0000                     
   410  0000                     
   411  0000                     
   412  0000                     
   413  0000                     
   414  0000                     
   415  0000                     
   416  0000                     
   417  0000                     
   418  0000                     
   419  0000                     
   420  0000                     
   421  0000                     
   422  0000                     
   423  0000                     
   424  0000                     
   425  0000                     
   426  0000                     
   427  0000                     
   428  0000                     
   429  0000                     
   430  0000                     
   431  0000                     
   432  0000                     
   433  0000                     
   434  0000                     
   435  0000                     
   436  0000                     
   437  0000                     
   438  0000                     
   439  0000                     
   440  0000                     
   441  0000                     
   442  0000                     
   443  0000                     
   444  0000                     
   445  0000                     
   446  0000                     
   447  0000                     
   448  0000                     
   449  0000                     
   450  0000                     
   451  0000                     
   452  0000                     
   453  0000                     
   454  0000                     
   455  0000                     
   456  0000                     
   457  0000                     
   458  0000                     
   459  0000                     
   460  0000                     
   461  0000                     
   462  0000                     
   463  0000                     
   464  0000                     
   465  0000                     
   466  0000                     
   467  0000                     
   468  0000                     
   469  0000                     
   470  0000                     
   471  0000                     
   472  0000                     
   473  0000                     
   474  0000                     
   475  0000                     
   476  0000                     
   477  0000                     
   478  0000                     
   479  0000                     
   480  0000                     
   481  0000                     
   482  0000                     
   483  0000                     
   484  0000                     
   485  0000                     
   486  0000                     
   487  0000                     
   488  0000                     
   489  0000                     
   490  0000                     
   491  0000                     
   492  0000                     
   493  0000                     
   494  0000                     
   495  0000                     
   496  0000                     
   497  0000                     
   498  0000                     
   499  0000                     
   500  0000                     
   501  0000                     
   502  0000                     
   503  0000                     
   504  0000                     
   505  0000                     
   506  0000                     
   507  0000                     
   508  0000                     
   509  0000                     
   510  0000                     
   511  0000                     
   512  0000                     
   513  0000                     
   514  0000                     
   515  0000                     
   516  0000                     
   517  0000                     
   518  0000                     
   519  0000                     
   520  0000                     
   521  0000                     
   522  0000                     
   523  0000                     
   524  0000                     
   525  0000                     
   526  0000                     
   527  0000                     
   528                           ; Strings
   529  0000'                    u19
   530  0000' 3474               	retlw	116	;'t'
   531  0001' 3469               	retlw	105	;'i'
   532  0002' 346D               	retlw	109	;'m'
   533  0003' 3465               	retlw	101	;'e'
   534  0004' 3420               	retlw	32
   535  0005' 346F               	retlw	111	;'o'
   536  0006' 3475               	retlw	117	;'u'
   537  0007' 3474               	retlw	116	;'t'
   538  0008' 3400               	retlw	0
   539  0009'                    u49
   540  0009' 3441               	retlw	65	;'A'
   541  000A' 3454               	retlw	84	;'T'
   542  000B' 345F               	retlw	95	;'_'
   543  000C' 3453               	retlw	83	;'S'
   544  000D' 3445               	retlw	69	;'E'
   545  000E' 344E               	retlw	78	;'N'
   546  000F' 3454               	retlw	84	;'T'
   547  0010' 3400               	retlw	0
   548  0011'                    u29
   549  0011' 3445               	retlw	69	;'E'
   550  0012' 3443               	retlw	67	;'C'
   551  0013' 3448               	retlw	72	;'H'
   552  0014' 344F               	retlw	79	;'O'
   553  0015' 345F               	retlw	95	;'_'
   554  0016' 344F               	retlw	79	;'O'
   555  0017' 3446               	retlw	70	;'F'
   556  0018' 3446               	retlw	70	;'F'
   557  0019' 3400               	retlw	0
   558                           
   559                           	psect	const1
   560  0000' 0782               	addwf	2
   561  0001'                    _AT1
   562  0001' 3441               	retlw	65
   563  0002' 3454               	retlw	84
   564  0003' 3445               	retlw	69
   565  0004' 3430               	retlw	48
   566  0005' 340D               	retlw	13
   567                           
   568                           	psect	const2
   569  0000' 0782               	addwf	2
   570  0001'                    _AT
   571  0001' 3441               	retlw	65
   572  0002' 3454               	retlw	84
   573  0003' 340D               	retlw	13
   574                           
   575                           	psect	const3
   576  0000' 0782               	addwf	2
   577  0001'                    _ATSMS
   578  0001' 3441               	retlw	65
   579  0002' 3454               	retlw	84
   580  0003' 342B               	retlw	43
   581  0004' 3443               	retlw	67
   582  0005' 344D               	retlw	77
   583  0006' 3447               	retlw	71
   584  0007' 3446               	retlw	70
   585  0008' 343D               	retlw	61
   586  0009' 3431               	retlw	49
   587  000A' 340D               	retlw	13
   588                           
   589                           	psect	const4
   590  0000' 0782               	addwf	2
   591  0001'                    _ATSMS2
   592  0001' 3441               	retlw	65
   593  0002' 3454               	retlw	84
   594  0003' 342B               	retlw	43
   595  0004' 3443               	retlw	67
   596  0005' 344D               	retlw	77
   597  0006' 3447               	retlw	71
   598  0007' 3453               	retlw	83
   599  0008' 343D               	retlw	61
   600  0009' 3422               	retlw	34
   601  000A' 3430               	retlw	48
   602  000B' 3439               	retlw	57
   603  000C' 3435               	retlw	53
   604  000D' 3439               	retlw	57
   605  000E' 3437               	retlw	55
   606  000F' 3430               	retlw	48
   607  0010' 3439               	retlw	57
   608  0011' 3435               	retlw	53
   609  0012' 3437               	retlw	55
   610  0013' 3436               	retlw	54
   611  0014' 3433               	retlw	51
   612  0015' 3422               	retlw	34
   613  0016' 340D               	retlw	13
   614                           
   615                           	psect	const5
   616  0000' 0782               	addwf	2
   617  0001'                    _ATSMS3
   618  0001' 3441               	retlw	65
   619  0002' 3454               	retlw	84
   620  0003' 342B               	retlw	43
   621  0004' 3443               	retlw	67
   622  0005' 344E               	retlw	78
   623  0006' 344D               	retlw	77
   624  0007' 3449               	retlw	73
   625  0008' 343D               	retlw	61
   626  0009' 3432               	retlw	50
   627  000A' 342C               	retlw	44
   628  000B' 3432               	retlw	50
   629  000C' 342C               	retlw	44
   630  000D' 3432               	retlw	50
   631  000E' 342C               	retlw	44
   632  000F' 3430               	retlw	48
   633  0010' 342C               	retlw	44
   634  0011' 3430               	retlw	48
   635  0012' 340D               	retlw	13
   636                           
   637                           	psect	rdata_0
   638  0000'                    _time
   639  0000'                    	ds	4
   640                           
   641                           	psect	idata_0
   642  0000' 3460               	retlw	96
   643  0001' 34EA               	retlw	234
   644  0002' 3400               	retlw	0
   645  0003' 3400               	retlw	0
   646                           
   647                           	psect	text1
   648  0000'                    _MainSystemInitialize
   649                           ;main.c: 95: static void MainSystemInitialize(v
      +                          oid)
   650  0000' 2000'              	call	_LCDInitialize
   651                           ;main.c: 98: InitializeSerialCommunication();
   652  0001' 2800'              	goto	_InitializeSerialCommunication
   653                           
   654                           	psect	rbss_0
   655  0000'                    _Count
   656  0000'                    	ds	1
   657  0000                     
   658  0000                     
   659  0000                     
   660  0000                     
   661  0000                     
   662  0000                     
   663  0000                     
   664  0000                     
   665  0000                     
   666  0000                     
   667  0000                     
   668  0000                     
   669  0000                     
   670  0000                     
   671  0000                     
   672  0000                     
   673  0000                     
   674  0000                     
   675  0000                     
   676  0000                     
   677  0000                     
   678  0000                     
   679  0000                     
   680  0000                     
   681  0000                     
   682  0000                     
   683  0000                     
   684  0000                     
   685  0000                     
   686  0000                     
   687  0000                     
   688  0000                     
   689  0000                     
   690  0000                     
   691  0000                     
   692  0000                     
   693  0000                     
   694  0000                     
   695  0000                     
   696  0000                     
   697  0000                     
   698  0000                     
   699  0000                     
   700  0000                     
   701  0000                     
   702  0001'                    _cnt
   703  0001'                    	ds	1
   704  0002'                    _i
   705  0002'                    	ds	1
   706  0003'                    _pause
   707  0003'                    	ds	1
   708  0004'                    _RX
   709  0004'                    	ds	10
   710                           
   711                           	psect	temp
   712  0000'                    btemp
   713  0000'                    	ds	4


HI-TECH Software PICC Macro Assembler V9.60
Symbol Table                                          Thu Jan 24 23:02:56 2013

         _MainSystemInitialize 0000                              l6 0018  
                            l8 000D                              _i 0002  
                            pc 0002                             l10 004E  
                           l12 0031                             l21 0076  
                           l13 001A                             l30 007A  
                           l14 0039                             l23 006B  
                           l15 001C                             l25 00AC  
                           l27 008F                             l28 0078  
                           l29 0097                             _AT 0001  
                           u19 0000                             u29 0011  
                           u39 0000*                            u49 0009  
                           _RX 0004                         _ATSMS2 0001  
                       _ATSMS3 0001                             fsr 0004  
             _SendByteSerially 0000*                           _AT1 0001  
                          _cnt 0001  _InitializeSerialCommunication 0000* 
               _LCDWriteString 0000*                          _main 0000  
                         _time 0000                           btemp 0000  
                         start 0000*               _LCDWriteCommand 0000* 
                        _ATSMS 0001                ?_LCDWriteString 0000* 
                        _Delay 0000*                         _Count 0000  
                        _pause 0003                          pclath 000A  
                        status 0003                  _LCDInitialize 0000* 
       _LCDDisplayInitializing 0000*                        ?_Delay 0000* 
                   used_btemp0 0000*                    used_btemp1 0000* 
                   used_btemp2 0000*                    used_btemp3 0000* 
