

HI-TECH Software PICC Macro Assembler V9.60
                                                      Thu Jan 24 23:02:56 2013


     1                           	processor	16F877A
     2                           	opt	pw 79
     3                           	psect	text0,local,class=CODE,delta=2
     4                           	psect	text1,local,class=CODE,delta=2
     5                           	psect	text2,local,class=CODE,delta=2
     6                           	psect	text3,local,class=CODE,delta=2
     7                           	psect	text4,local,class=CODE,delta=2
     8                           	psect	rbss_0,global,class=BANK0,space=1,delta=
      +                          1
     9                           	psect	temp,global,ovrld,class=BANK0,space=1,de
      +                          lta=1
    10  0000                     
    11  0000                     
    12  0000                     
    13  0000                     
    14  0000                     
    15  0000                     
    16  0000                     
    17  0000                     
    18  0000                     
    19  0000                     
    20                           
    21                           	psect	text0
    22  0000'                    _InitializeSerialCommunication
    23                           ;serial.c: 5: void InitializeSerialCommunicatio
      +                          n(void)
    24  0000' 3067               	movlw	103
    25  0001' 1683               	bsf	3,5
    26  0002' 1303               	bcf	3,6	;carry unused
    27  0003' 0099               	movwf	25	;volatile
    28                           ;serial.c: 9: RCSTA = 0x90;
    29  0004' 3090               	movlw	-112
    30  0005' 1283               	bcf	3,5
    31  0006' 0098               	movwf	24	;volatile
    32                           ;serial.c: 10: TXSTA = 0x24;
    33  0007' 3024               	movlw	36
    34  0008' 1683               	bsf	3,5
    35  0009' 0098               	movwf	24	;volatile
    36                           ;serial.c: 11: SYNC=0;
    37  000A' 1218               	bcf	24,4
    38                           ;serial.c: 12: }
    39  000B' 1283               	bcf	3,5
    40  000C' 0008               	return	;W free
    41                           
    42                           	psect	text1
    43  0000'                    _SendByteSerially
    44                           ;	_byte assigned to ?a_SendByteSerially+0
    45  0000                     _SendByteSerially$byte	set	?a_SendByteSerially
    46                           ;_byte stored from w
    47  0000' 0183               	clrf	3	;select bank 0
    48  0001' 0080'              	movwf	?a_SendByteSerially
    49                           ;serial.c: 14: void SendByteSerially (unsigned 
      +                          char byte)
    50                           ;serial.c: 18: continue;
    51  0002'                    l3
    52  0002' 1283               	bcf	3,5
    53  0003' 1303               	bcf	3,6	;carry unused
    54  0004' 1E0C               	btfss	12,4
    55  0005' 2800'              	goto	l3
    56                           ;serial.c: 19: TXREG = byte;
    57  0006' 0800'              	movf	?a_SendByteSerially,w
    58  0007' 0099               	movwf	25	;volatile
    59                           ;serial.c: 20: }
    60  0008' 0008               	return	;W free
    61                           
    62                           	psect	text2
    63  0000'                    _ReceiveByteSerially
    64                           ;serial.c: 22: unsigned char ReceiveByteSeriall
      +                          y()
    65                           ;serial.c: 26: continue;
    66  0000'                    l7
    67  0000' 0183               	clrf	3	;select bank 0
    68  0001' 1E8C               	btfss	12,5
    69  0002' 2800'              	goto	l7
    70                           ;serial.c: 27: return RCREG;
    71  0003' 081A               	movf	26,w	;volatile
    72                           ;serial.c: 28: }
    73  0004' 0008               	return	;uses W
    74                           
    75                           	psect	text3
    76  0000'                    _SeriallyDisplayByte
    77                           ;	_Value assigned to ?a_SeriallyDisplayByte+0
    78  0000                     _SeriallyDisplayByte$Value	set	?a_SeriallyDispl
      +                          ayByte
    79                           ;_Value stored from w
    80  0000' 0183               	clrf	3	;select bank 0
    81  0001' 0080'              	movwf	?a_SeriallyDisplayByte
    82                           ;serial.c: 30: void SeriallyDisplayByte(unsigne
      +                          d char Value)
    83  0002' 3064               	movlw	100
    84  0003' 0081'              	movwf	btemp+1
    85  0004' 0800'              	movf	?a_SeriallyDisplayByte,w
    86  0005' 2000'              	call	lbdiv
    87  0006' 3800               	iorlw	0
    88  0007' 1D03               	btfss	3,2
    89  0008' 2800'              	goto	l11
    90                           ;serial.c: 34: SendByteSerially(0x20);
    91  0009' 3020               	movlw	32
    92  000A' 2800'              	goto	L1
    93  000B'                    l11
    94                           ;serial.c: 35: else
    95  000B' 3064               	movlw	100
    96  000C' 0081'              	movwf	btemp+1
    97  000D' 0800'              	movf	?a_SeriallyDisplayByte,w
    98  000E' 2000'              	call	lbdiv
    99  000F' 3830               	iorlw	48
   100  0010'                    L1
   101  0010' 2000'              	call	_SendByteSerially
   102                           ;serial.c: 38: if(((Value % 100) / 10) == 0)
   103  0011' 3064               	movlw	100
   104  0012' 0081'              	movwf	btemp+1
   105  0013' 0800'              	movf	?a_SeriallyDisplayByte,w
   106  0014' 2000'              	call	lbmod
   107  0015' 0800'              	movf	btemp,w
   108  0016' 0081'              	movwf	?a_SeriallyDisplayByte+1
   109  0017' 300A               	movlw	10
   110  0018' 0081'              	movwf	btemp+1
   111  0019' 0801'              	movf	?a_SeriallyDisplayByte+1,w
   112  001A' 2000'              	call	lbdiv
   113  001B' 3800               	iorlw	0
   114                           ;serial.c: 39: if(( Value / 100 ) == 0)
   115  001C' 3064               	movlw	100
   116  001D' 0081'              	movwf	btemp+1
   117  001E' 1D03               	btfss	3,2
   118  001F' 2800'              	goto	L3
   119  0020' 0800'              	movf	?a_SeriallyDisplayByte,w
   120  0021' 2000'              	call	lbdiv
   121  0022' 3800               	iorlw	0
   122  0023' 1D03               	btfss	3,2
   123  0024' 2800'              	goto	l13
   124                           ;serial.c: 40: SendByteSerially(0x20);
   125  0025' 3020               	movlw	32
   126  0026' 2800'              	goto	L2
   127                           ;serial.c: 41: else
   128  0027'                    l13
   129                           ;serial.c: 43: else
   130  0027' 3064               	movlw	100
   131  0028' 0081'              	movwf	btemp+1
   132  0029'                    L3
   133  0029' 0800'              	movf	?a_SeriallyDisplayByte,w
   134  002A' 2000'              	call	lbmod
   135  002B' 0800'              	movf	btemp,w
   136  002C' 0081'              	movwf	?a_SeriallyDisplayByte+1
   137  002D' 300A               	movlw	10
   138  002E' 0081'              	movwf	btemp+1
   139  002F' 0801'              	movf	?a_SeriallyDisplayByte+1,w
   140  0030' 2000'              	call	lbdiv
   141  0031' 3830               	iorlw	48
   142  0032'                    L2
   143  0032' 2000'              	call	_SendByteSerially
   144                           ;serial.c: 46: SendByteSerially((Value % 10) | 
      +                          0x30);
   145  0033' 300A               	movlw	10
   146  0034' 0081'              	movwf	btemp+1
   147  0035' 0800'              	movf	?a_SeriallyDisplayByte,w
   148  0036' 2000'              	call	lbmod
   149  0037' 0800'              	movf	btemp,w
   150  0038' 3830               	iorlw	48
   151  0039' 2000'              	call	_SendByteSerially
   152                           ;serial.c: 47: }
   153  003A' 0A80'              	incf	?a_SeriallyDisplayByte
   154                           ;serial.c: 49: SendByteSerially(0x0D);
   155  003B' 300D               	movlw	13
   156  003C' 2000'              	call	_SendByteSerially
   157                           ;serial.c: 50: SendByteSerially(0x0A);
   158  003D' 300A               	movlw	10
   159  003E' 2000'              	call	_SendByteSerially
   160                           ;serial.c: 51: Delay(500);
   161  003F' 30F4               	movlw	244
   162  0040' 0080'              	movwf	?_Delay
   163  0041' 3001               	movlw	1
   164  0042' 0081'              	movwf	?_Delay+1
   165  0043' 2800'              	goto	_Delay
   166                           
   167                           	psect	text4
   168  0000                     
   169  0000                     
   170  0000                     
   171  0000                     
   172  0000                     
   173  0000                     
   174  0000                     
   175  0000                     
   176  0000                     
   177  0000                     
   178  0000                     
   179  0000                     
   180  0000                     
   181  0000                     
   182  0000                     
   183  0000                     
   184  0000                     
   185  0000                     
   186  0000                     
   187  0000                     
   188  0000                     
   189  0000                     
   190  0000                     
   191  0000                     
   192  0000                     
   193  0000                     
   194  0000                     
   195  0000                     
   196  0000                     
   197  0000                     
   198  0000                     
   199  0000                     
   200  0000                     
   201  0000                     
   202  0000                     
   203  0000                     
   204  0000                     
   205  0000                     
   206  0000                     
   207  0000                     
   208  0000                     
   209  0000                     
   210  0000                     
   211  0000                     
   212  0000                     
   213  0000                     
   214  0000                     
   215  0000                     
   216  0000                     
   217  0000                     
   218  0000                     
   219  0000                     
   220  0000                     
   221  0000                     
   222  0000                     
   223  0000                     
   224  0000                     
   225  0000                     
   226  0000                     
   227  0000                     
   228  0000                     
   229  0000                     
   230  0000                     
   231  0000                     
   232  0000                     
   233  0000                     
   234  0000                     
   235  0000                     
   236  0000                     
   237  0000                     
   238  0000                     
   239  0000                     
   240  0000                     
   241  0000                     
   242  0000                     
   243  0000                     
   244  0000                     
   245  0000                     
   246  0000                     
   247  0000                     
   248  0000                     
   249  0000                     
   250  0000                     
   251  0000                     
   252  0000                     
   253  0000                     
   254  0000                     
   255  0000                     
   256  0000                     
   257  0000                     
   258  0000                     
   259  0000                     
   260  0000                     
   261  0000                     
   262  0000                     
   263  0000                     
   264  0000                     
   265  0000                     
   266  0000                     
   267  0000                     
   268  0000                     
   269  0000                     
   270  0000                     
   271  0000                     
   272  0000                     
   273  0000                     
   274  0000                     
   275  0000                     
   276  0000                     
   277  0000                     
   278  0000                     
   279  0000                     
   280  0000                     
   281  0000                     
   282  0000                     
   283  0000                     
   284  0000                     
   285  0000                     
   286  0000                     
   287  0000                     
   288  0000                     
   289  0000                     
   290  0000                     
   291  0000                     
   292  0000                     
   293  0000                     
   294  0000                     
   295  0000                     
   296  0000                     
   297  0000                     
   298  0000                     
   299  0000                     
   300  0000                     
   301  0000                     
   302  0000                     
   303  0000                     
   304  0000                     
   305  0000                     
   306  0000                     
   307  0000                     
   308  0000                     
   309  0000                     
   310  0000                     
   311  0000                     
   312  0000                     
   313  0000                     
   314  0000                     
   315  0000                     
   316  0000                     
   317  0000                     
   318  0000                     
   319  0000                     
   320  0000                     
   321  0000                     
   322  0000                     
   323  0000                     
   324  0000                     
   325  0000                     
   326  0000                     
   327  0000                     
   328  0000                     
   329  0000                     
   330  0000                     
   331  0000                     
   332  0000                     
   333  0000                     
   334  0000                     
   335  0000                     
   336  0000                     
   337  0000                     
   338  0000                     
   339  0000                     
   340  0000                     
   341  0000                     
   342  0000                     
   343  0000                     
   344  0000                     
   345  0000                     
   346  0000                     
   347  0000                     
   348  0000                     
   349  0000                     
   350  0000                     
   351  0000                     
   352  0000                     
   353  0000                     
   354  0000                     
   355  0000                     
   356  0000                     
   357  0000                     
   358  0000                     
   359  0000                     
   360  0000                     
   361  0000                     
   362  0000                     
   363  0000                     
   364  0000                     
   365  0000                     
   366  0000                     
   367  0000                     
   368  0000                     
   369  0000                     
   370  0000                     
   371  0000                     
   372  0000                     
   373  0000                     
   374  0000                     
   375  0000                     
   376  0000                     
   377  0000                     
   378  0000                     
   379  0000                     
   380  0000                     
   381  0000                     
   382  0000                     
   383  0000                     
   384  0000                     
   385  0000                     
   386  0000                     
   387  0000                     
   388  0000                     
   389  0000                     
   390  0000                     
   391  0000                     
   392  0000                     
   393  0000                     
   394  0000                     
   395  0000                     
   396  0000                     
   397  0000                     
   398  0000                     
   399  0000                     
   400  0000                     
   401  0000                     
   402  0000                     
   403  0000                     
   404  0000                     
   405  0000                     
   406  0000                     
   407  0000                     
   408  0000                     
   409  0000                     
   410  0000                     
   411  0000                     
   412  0000                     
   413  0000                     
   414  0000                     
   415  0000                     
   416  0000                     
   417  0000                     
   418  0000                     
   419  0000                     
   420  0000                     
   421  0000                     
   422  0000                     
   423  0000                     
   424  0000                     
   425  0000                     
   426  0000                     
   427  0000                     
   428  0000                     
   429  0000                     
   430  0000                     
   431  0000                     
   432  0000                     
   433  0000                     
   434  0000                     
   435  0000                     
   436  0000                     
   437  0000                     
   438  0000                     
   439  0000                     
   440  0000                     
   441  0000                     
   442  0000                     
   443  0000                     
   444                           
   445                           	psect	rbss_0
   446  0000'                    _flag1
   447  0000'                    	ds	1
   448                           
   449                           	psect	temp
   450  0000'                    btemp
   451  0000'                    	ds	2


HI-TECH Software PICC Macro Assembler V9.60
Symbol Table                                          Thu Jan 24 23:02:56 2013

                            l3 0002                              l7 0000  
                           l11 000B                             l13 0027  
          _SeriallyDisplayByte 0000               _SendByteSerially 0000  
_InitializeSerialCommunication 0000                           f2813 0001  
                         btemp 0000                           lbdiv 0000* 
                         lbmod 0000*                         _Delay 0000* 
                        _flag1 0000                          status 0003  
           ?a_SendByteSerially 0000*         ?a_SeriallyDisplayByte 0000* 
          _ReceiveByteSerially 0000                         ?_Delay 0000* 
                   used_btemp0 0000*                    used_btemp1 0000* 
