

HI-TECH Software PICC Macro Assembler V9.60
                                                      Tue Apr 10 11:22:31 2012


     1                           	processor	16F877A
     2                           	opt	pw 79
     3                           	psect	text0,local,class=CODE,delta=2
     4                           	psect	config,global,class=CONFIG,delta=2
     5                           	psect	intcode,global,class=CODE,delta=2
     6                           	psect	intsave_0,global,ovrld,class=COMBANK,spa
      +                          ce=1,delta=1
     7                           	psect	intret,global,class=CODE,delta=2
     8                           	psect	intentry,global,class=CODE,delta=2
     9                           	psect	intsave,global,class=BANK0,space=1,delta
      +                          =1
    10                           	psect	text1,local,class=CODE,delta=2
    11                           	psect	text2,local,class=CODE,delta=2
    12                           	psect	rbss_0,global,class=BANK0,space=1,delta=
      +                          1
    13  0000                     
    14  0000                     
    15  0000                     
    16  0000                     
    17  0000                     
    18  0000                     
    19  0000                     
    20  0000                     
    21  0000                     
    22  0000                     	;#
    23                           
    24                           	psect	config
    25  2007  2F0A               	dw	12042	;#
    26                           
    27                           	psect	intcode
    28  0004                     _timer
    29  0004                     int_func
    30                           ;MAIN.c: 9: interrupt timer(void)
    31  0004  1D0B               	btfss	11,2
    32  0005  280C               	goto	L1
    33                           ;MAIN.c: 12: {
    34  0006  1283               	bcf	3,5
    35  0007  1303               	bcf	3,6	;carry unused
    36  0008  0AA0               	incf	_TIME
    37  0009  1903               	btfsc	3,2
    38  000A  0AA1               	incf	_TIME+1
    39                           ;MAIN.c: 14: }
    40  000B  110B               	bcf	11,2
    41  000C                     L1
    42                           ;MAIN.c: 16: TMR0IE=1;
    43  000C  168B               	bsf	11,5
    44                           ;MAIN.c: 17: }
    45  000D  1303               	bcf	3,6	;carry unused
    46  000E  1283               	bcf	3,5
    47                           
    48                           	psect	intsave_0
    49  0075                     saved_w
                     saved_w
    50  0075                     	ds	1
    51                           
    52                           	psect	intret
    53  000F                     int_restore
    54  000F  0878               	movf	saved_status,w
    55  0010  0083               	movwf	3
    56  0011  0EF5               	swapf	saved_w
    57  0012  0E75               	swapf	saved_w,w
    58  0013  0009               	retfie
    59                           
    60                           	psect	intentry
    61  0000                     int_entry
    62  0000  00F5               	movwf	saved_w
    63  0001  0803               	movf	3,w
    64  0002  0183               	clrf	3
    65  0003  00F8               	movwf	saved_status
    66                           
    67                           	psect	intsave
    68  0078                     saved_status
                     saved_status
    69  0078                     	ds	1
    70                           
    71                           	psect	text1
    72  078D                     _main
    73                           ;	_count assigned to ?a_main+0
    74  0000                     _main$count	set	?a_main
    75                           ;	_flag assigned to ?a_main+2
    76  0000                     _main$flag	set	?a_main+2
    77                           ;MAIN.c: 19: void main(void)
    78  078D  1283               	bcf	3,5
    79  078E  1303               	bcf	3,6	;carry unused
    80  078F  01A7               	clrf	?a_main+2
    81  0790  01A8               	clrf	?a_main+3
    82  0791  01A5               	clrf	?a_main
    83  0792  01A6               	clrf	?a_main+1
    84                           ;MAIN.c: 24: TRISB |= 0xFF;
    85  0793  30FF               	movlw	-1
    86  0794  1683               	bsf	3,5
    87  0795  0086               	movwf	6	;volatile
    88                           ;MAIN.c: 25: TRISC &= 0x00;
    89  0796  0187               	clrf	7	;volatile
    90                           ;MAIN.c: 26: RC0 = 0;
    91  0797  1283               	bcf	3,5
    92  0798  1007               	bcf	7,0
    93                           ;MAIN.c: 27: RBPU = 0;
    94  0799  1683               	bsf	3,5
    95  079A  1381               	bcf	1,7
    96                           ;MAIN.c: 28: LCDInitialize();
    97  079B  26EF               	call	_LCDInitialize
    98                           ;MAIN.c: 29: LCDDisplayInitializing();
    99  079C  273C               	call	_LCDDisplayInitializing
   100                           ;MAIN.c: 30: while(RB2);
   101  079D                     l4
   102  079D  1906               	btfsc	6,2
   103  079E  2F9D               	goto	l4
   104                           ;MAIN.c: 32: TMR1H = 0xFF;
   105  079F  30FF               	movlw	-1
   106  07A0  008F               	movwf	15	;volatile
   107                           ;MAIN.c: 33: TMR1L = 0xF6;
   108  07A1  30F6               	movlw	-10
   109  07A2  008E               	movwf	14	;volatile
   110                           ;MAIN.c: 34: T1CON = 0x20;
   111  07A3  3020               	movlw	32
   112  07A4  0090               	movwf	16	;volatile
   113                           ;MAIN.c: 35: TMR1IF=0;
   114  07A5  100C               	bcf	12,0
   115                           ;MAIN.c: 36: RC0=1;
   116  07A6  1407               	bsf	7,0
   117                           ;MAIN.c: 37: TMR1ON = 1;
   118  07A7  1410               	bsf	16,0
   119                           ;MAIN.c: 39: while(!TMR1IF);
   120  07A8                     l7
   121  07A8  1C0C               	btfss	12,0
   122  07A9  2FA8               	goto	l7
   123                           ;MAIN.c: 40: RC0 = 0;
   124  07AA  1007               	bcf	7,0
   125                           ;MAIN.c: 43: RBPU = 1;
   126  07AB  1683               	bsf	3,5
   127  07AC  1781               	bsf	1,7
   128                           ;MAIN.c: 44: while(!RB0);
   129  07AD                     l10
   130  07AD  1283               	bcf	3,5
   131  07AE  1C06               	btfss	6,0
   132  07AF  2FAD               	goto	l10
   133                           ;MAIN.c: 45: T0CS = 0;
   134  07B0  1683               	bsf	3,5
   135  07B1  1281               	bcf	1,5
   136                           ;MAIN.c: 46: T0SE=0 ;
   137  07B2  1201               	bcf	1,4
   138                           ;MAIN.c: 47: PSA = 0;
   139  07B3  1181               	bcf	1,3
   140                           ;MAIN.c: 48: PS2=PS1=PS0=0;
   141  07B4  1001               	bcf	1,0
   142  07B5  1081               	bcf	1,1
   143  07B6  1101               	bcf	1,2
   144                           ;MAIN.c: 49: GIE = 1;
   145  07B7  178B               	bsf	11,7
   146                           ;MAIN.c: 50: TMR0IE= 1;
   147  07B8  168B               	bsf	11,5
   148                           ;MAIN.c: 52: while(RB0);
   149  07B9                     l13
   150  07B9  1283               	bcf	3,5
   151  07BA  1806               	btfsc	6,0
   152  07BB  2FB9               	goto	l13
   153                           ;MAIN.c: 53: T0CS=1;
   154  07BC  1683               	bsf	3,5
   155  07BD  1681               	bsf	1,5
   156                           ;MAIN.c: 54: GIE = 0;
   157  07BE  138B               	bcf	11,7
   158                           ;MAIN.c: 55: TOTAL = TIME ;
   159  07BF  1283               	bcf	3,5
   160  07C0  0820               	movf	_TIME,w
   161  07C1  00A2               	movwf	_TOTAL
   162  07C2  0821               	movf	_TIME+1,w
   163  07C3  00A3               	movwf	_TOTAL+1
   164                           ;MAIN.c: 56: LCDDisplayByte(0x80,TOTAL);
   165  07C4  0822               	movf	_TOTAL,w
   166  07C5  00A9               	movwf	?_LCDDisplayByte
   167  07C6  3080               	movlw	-128
   168  07C7  2752               	call	_LCDDisplayByte
   169                           ;MAIN.c: 58: }
   170  07C8  0183               	clrf	3
   171  07C9  2814               	ljmp	start
   172                           
   173                           	psect	text2
   174  0000                     
   175  0000                     
   176  0000                     
   177  0000                     
   178  0000                     
   179  0000                     
   180  0000                     
   181  0000                     
   182  0000                     
   183  0000                     
   184  0000                     
   185  0000                     
   186  0000                     
   187  0000                     
   188  0000                     
   189  0000                     
   190  0000                     
   191  0000                     
   192  0000                     
   193  0000                     
   194  0000                     
   195  0000                     
   196  0000                     
   197  0000                     
   198  0000                     
   199  0000                     
   200  0000                     
   201  0000                     
   202  0000                     
   203  0000                     
   204  0000                     
   205  0000                     
   206  0000                     
   207  0000                     
   208  0000                     
   209  0000                     
   210  0000                     
   211  0000                     
   212  0000                     
   213  0000                     
   214  0000                     
   215  0000                     
   216  0000                     
   217  0000                     
   218  0000                     
   219  0000                     
   220  0000                     
   221  0000                     
   222  0000                     
   223  0000                     
   224  0000                     
   225  0000                     
   226  0000                     
   227  0000                     
   228  0000                     
   229  0000                     
   230  0000                     
   231  0000                     
   232  0000                     
   233  0000                     
   234  0000                     
   235  0000                     
   236  0000                     
   237  0000                     
   238  0000                     
   239  0000                     
   240  0000                     
   241  0000                     
   242  0000                     
   243  0000                     
   244  0000                     
   245  0000                     
   246  0000                     
   247  0000                     
   248  0000                     
   249  0000                     
   250  0000                     
   251  0000                     
   252  0000                     
   253  0000                     
   254  0000                     
   255  0000                     
   256  0000                     
   257  0000                     
   258  0000                     
   259  0000                     
   260  0000                     
   261  0000                     
   262  0000                     
   263  0000                     
   264  0000                     
   265  0000                     
   266  0000                     
   267  0000                     
   268  0000                     
   269  0000                     
   270  0000                     
   271  0000                     
   272  0000                     
   273  0000                     
   274  0000                     
   275  0000                     
   276  0000                     
   277  0000                     
   278  0000                     
   279  0000                     
   280  0000                     
   281  0000                     
   282  0000                     
   283  0000                     
   284  0000                     
   285  0000                     
   286  0000                     
   287  0000                     
   288  0000                     
   289  0000                     
   290  0000                     
   291  0000                     
   292  0000                     
   293  0000                     
   294  0000                     
   295  0000                     
   296  0000                     
   297  0000                     
   298  0000                     
   299  0000                     
   300  0000                     
   301  0000                     
   302  0000                     
   303  0000                     
   304  0000                     
   305  0000                     
   306  0000                     
   307  0000                     
   308  0000                     
   309  0000                     
   310  0000                     
   311  0000                     
   312  0000                     
   313  0000                     
   314  0000                     
   315  0000                     
   316  0000                     
   317  0000                     
   318  0000                     
   319  0000                     
   320  0000                     
   321  0000                     
   322  0000                     
   323  0000                     
   324  0000                     
   325  0000                     
   326  0000                     
   327  0000                     
   328  0000                     
   329  0000                     
   330  0000                     
   331  0000                     
   332  0000                     
   333  0000                     
   334  0000                     
   335  0000                     
   336  0000                     
   337  0000                     
   338  0000                     
   339  0000                     
   340  0000                     
   341  0000                     
   342  0000                     
   343  0000                     
   344  0000                     
   345  0000                     
   346  0000                     
   347  0000                     
   348  0000                     
   349  0000                     
   350  0000                     
   351  0000                     
   352  0000                     
   353  0000                     
   354  0000                     
   355  0000                     
   356  0000                     
   357  0000                     
   358  0000                     
   359  0000                     
   360  0000                     
   361  0000                     
   362  0000                     
   363  0000                     
   364  0000                     
   365  0000                     
   366  0000                     
   367  0000                     
   368  0000                     
   369  0000                     
   370  0000                     
   371  0000                     
   372  0000                     
   373  0000                     
   374  0000                     
   375  0000                     
   376  0000                     
   377  0000                     
   378  0000                     
   379  0000                     
   380  0000                     
   381  0000                     
   382  0000                     
   383  0000                     
   384  0000                     
   385  0000                     
   386  0000                     
   387  0000                     
   388  0000                     
   389  0000                     
   390  0000                     
   391  0000                     
   392  0000                     
   393  0000                     
   394  0000                     
   395  0000                     
   396  0000                     
   397  0000                     
   398  0000                     
   399  0000                     
   400  0000                     
   401  0000                     
   402  0000                     
   403  0000                     
   404  0000                     
   405  0000                     
   406  0000                     
   407  0000                     
   408  0000                     
   409  0000                     
   410  0000                     
   411  0000                     
   412  0000                     
   413  0000                     
   414  0000                     
   415  0000                     
   416  0000                     
   417  0000                     
   418  0000                     
   419  0000                     
   420  0000                     
   421  0000                     
   422  0000                     
   423  0000                     
   424  0000                     
   425  0000                     
   426  0000                     
   427  0000                     
   428  0000                     
   429  0000                     
   430  0000                     
   431  0000                     
   432  0000                     
   433  0000                     
   434  0000                     
   435  0000                     
   436  0000                     
   437  0000                     
   438  0000                     
   439  0000                     
   440  0000                     
   441  0000                     
   442  0000                     
   443  0000                     
   444  0000                     
   445  0000                     
   446  0000                     
   447  0000                     
   448  0000                     
   449  0000                     
   450                           
   451                           	psect	rbss_0
   452  0020                     _TIME
                     _TIME
   453  0020                     	ds	2
   454  0022                     _TOTAL
                     _TOTAL
   455  0022                     	ds	2


HI-TECH Software PICC Macro Assembler V9.60
Symbol Table                                          Tue Apr 10 11:22:31 2012

                ?a_main 0025                       l4 079D  
                     l7 07A8                      l10 07AD  
                    l13 07B9          _LCDDisplayByte 0752  
                  _TIME 0020                    _main 078D  
                  start 0014                  saved_w 0075  
       ?_LCDDisplayByte 0029                int_entry 0000  
                 _TOTAL 0022                   _timer 0004  
           saved_status 0078                   status 0003  
               int_func 0004           _LCDInitialize 06EF  
_LCDDisplayInitializing 073C              int_restore 000F  
