

HI-TECH Software PICC Macro Assembler V9.60
                                                      Tue Apr 10 11:22:31 2012


     1                           	processor	16F877A
     2                           	opt	pw 79
     3                           	psect	text0,local,class=CODE,delta=2
     4                           	psect	text1,local,class=CODE,delta=2
     5                           	psect	text2,local,class=CODE,delta=2
     6                           	psect	text3,local,class=CODE,delta=2
     7                           	psect	text4,local,class=CODE,delta=2
     8                           	psect	rbss_0,global,class=BANK0,space=1,delta=
      +                          1
     9  0000                     
    10  0000                     
    11  0000                     
    12  0000                     
    13  0000                     
    14  0000                     
    15  0000                     
    16  0000                     
    17  0000                     
    18  0000                     
    19                           
    20                           	psect	text0
    21  06D1                     _InitializeSerialCommunication
    22                           ;serial.c: 4: void InitializeSerialCommunicatio
      +                          n(void)
    23  06D1  3067               	movlw	103
    24  06D2  1683               	bsf	3,5
    25  06D3  1303               	bcf	3,6	;carry unused
    26  06D4  0099               	movwf	25	;volatile
    27                           ;serial.c: 8: RCSTA = 0x90;
    28  06D5  3090               	movlw	-112
    29  06D6  1283               	bcf	3,5
    30  06D7  0098               	movwf	24	;volatile
    31                           ;serial.c: 9: TXSTA = 0x24;
    32  06D8  3024               	movlw	36
    33  06D9  1683               	bsf	3,5
    34  06DA  0098               	movwf	24	;volatile
    35                           ;serial.c: 10: SYNC=0;
    36  06DB  1218               	bcf	24,4
    37                           ;serial.c: 11: }
    38  06DC  1283               	bcf	3,5
    39  06DD  0008               	return	;W free
    40                           
    41                           	psect	text1
    42  06C8                     _SendByteSerially
    43                           ;	_byte assigned to ?a_SendByteSerially+0
    44  0000                     _SendByteSerially$byte	set	?a_SendByteSerially
    45                           ;_byte stored from w
    46  06C8  0183               	clrf	3	;select bank 0
    47  06C9  00A5               	movwf	?a_SendByteSerially
    48                           ;serial.c: 13: void SendByteSerially (unsigned 
      +                          char byte)
    49                           ;serial.c: 17: continue;
    50  06CA                     l3
    51  06CA  1283               	bcf	3,5
    52  06CB  1303               	bcf	3,6	;carry unused
    53  06CC  1E0C               	btfss	12,4
    54  06CD  2ECA               	goto	l3
    55                           ;serial.c: 18: TXREG = byte;
    56  06CE  0825               	movf	?a_SendByteSerially,w
    57  06CF  0099               	movwf	25	;volatile
    58                           ;serial.c: 19: }
    59  06D0  0008               	return	;W free
    60                           
    61                           	psect	text2
    62  06B5                     _ReceiveByteSerially
    63                           ;serial.c: 21: unsigned char ReceiveByteSeriall
      +                          y()
    64                           ;serial.c: 25: continue;
    65  06B5                     l7
    66  06B5  0183               	clrf	3	;select bank 0
    67  06B6  1E8C               	btfss	12,5
    68  06B7  2EB5               	goto	l7
    69                           ;serial.c: 26: return RCREG;
    70  06B8  081A               	movf	26,w	;volatile
    71                           ;serial.c: 27: }
    72  06B9  0008               	return	;uses W
    73                           
    74                           	psect	text3
    75  0701                     _SendStringSerially
    76                           ;serial.c: 30: void SendStringSerially(const ch
      +                          ar *serial_string)
    77  0701  2F0A               	goto	l11
    78  0702                     l12
    79                           ;serial.c: 32: {
    80  0702  0826               	movf	?_SendStringSerially+1,w
    81  0703  00F7               	movwf	code_ptr+1
    82  0704  0825               	movf	?_SendStringSerially,w
    83  0705  2021               	call	string_table
    84  0706  26C8               	call	_SendByteSerially
    85                           ;serial.c: 34: serial_string++;
    86  0707  0AA5               	incf	?_SendStringSerially
    87  0708  1903               	btfsc	3,2
    88  0709  0AA6               	incf	?_SendStringSerially+1
    89  070A                     l11
    90  070A  1283               	bcf	3,5
    91  070B  1303               	bcf	3,6	;carry unused
    92  070C  0826               	movf	?_SendStringSerially+1,w
    93  070D  00F7               	movwf	code_ptr+1
    94  070E  0825               	movf	?_SendStringSerially,w
    95  070F  2021               	call	string_table
    96  0710  3800               	iorlw	0
    97  0711  1903               	btfsc	3,2
    98  0712  0008               	return
    99  0713  2F02               	goto	l12
   100                           
   101                           	psect	text4
   102  0000                     
   103  0000                     
   104  0000                     
   105  0000                     
   106  0000                     
   107  0000                     
   108  0000                     
   109  0000                     
   110  0000                     
   111  0000                     
   112  0000                     
   113  0000                     
   114  0000                     
   115  0000                     
   116  0000                     
   117  0000                     
   118  0000                     
   119  0000                     
   120  0000                     
   121  0000                     
   122  0000                     
   123  0000                     
   124  0000                     
   125  0000                     
   126  0000                     
   127  0000                     
   128  0000                     
   129  0000                     
   130  0000                     
   131  0000                     
   132  0000                     
   133  0000                     
   134  0000                     
   135  0000                     
   136  0000                     
   137  0000                     
   138  0000                     
   139  0000                     
   140  0000                     
   141  0000                     
   142  0000                     
   143  0000                     
   144  0000                     
   145  0000                     
   146  0000                     
   147  0000                     
   148  0000                     
   149  0000                     
   150  0000                     
   151  0000                     
   152  0000                     
   153  0000                     
   154  0000                     
   155  0000                     
   156  0000                     
   157  0000                     
   158  0000                     
   159  0000                     
   160  0000                     
   161  0000                     
   162  0000                     
   163  0000                     
   164  0000                     
   165  0000                     
   166  0000                     
   167  0000                     
   168  0000                     
   169  0000                     
   170  0000                     
   171  0000                     
   172  0000                     
   173  0000                     
   174  0000                     
   175  0000                     
   176  0000                     
   177  0000                     
   178  0000                     
   179  0000                     
   180  0000                     
   181  0000                     
   182  0000                     
   183  0000                     
   184  0000                     
   185  0000                     
   186  0000                     
   187  0000                     
   188  0000                     
   189  0000                     
   190  0000                     
   191  0000                     
   192  0000                     
   193  0000                     
   194  0000                     
   195  0000                     
   196  0000                     
   197  0000                     
   198  0000                     
   199  0000                     
   200  0000                     
   201  0000                     
   202  0000                     
   203  0000                     
   204  0000                     
   205  0000                     
   206  0000                     
   207  0000                     
   208  0000                     
   209  0000                     
   210  0000                     
   211  0000                     
   212  0000                     
   213  0000                     
   214  0000                     
   215  0000                     
   216  0000                     
   217  0000                     
   218  0000                     
   219  0000                     
   220  0000                     
   221  0000                     
   222  0000                     
   223  0000                     
   224  0000                     
   225  0000                     
   226  0000                     
   227  0000                     
   228  0000                     
   229  0000                     
   230  0000                     
   231  0000                     
   232  0000                     
   233  0000                     
   234  0000                     
   235  0000                     
   236  0000                     
   237  0000                     
   238  0000                     
   239  0000                     
   240  0000                     
   241  0000                     
   242  0000                     
   243  0000                     
   244  0000                     
   245  0000                     
   246  0000                     
   247  0000                     
   248  0000                     
   249  0000                     
   250  0000                     
   251  0000                     
   252  0000                     
   253  0000                     
   254  0000                     
   255  0000                     
   256  0000                     
   257  0000                     
   258  0000                     
   259  0000                     
   260  0000                     
   261  0000                     
   262  0000                     
   263  0000                     
   264  0000                     
   265  0000                     
   266  0000                     
   267  0000                     
   268  0000                     
   269  0000                     
   270  0000                     
   271  0000                     
   272  0000                     
   273  0000                     
   274  0000                     
   275  0000                     
   276  0000                     
   277  0000                     
   278  0000                     
   279  0000                     
   280  0000                     
   281  0000                     
   282  0000                     
   283  0000                     
   284  0000                     
   285  0000                     
   286  0000                     
   287  0000                     
   288  0000                     
   289  0000                     
   290  0000                     
   291  0000                     
   292  0000                     
   293  0000                     
   294  0000                     
   295  0000                     
   296  0000                     
   297  0000                     
   298  0000                     
   299  0000                     
   300  0000                     
   301  0000                     
   302  0000                     
   303  0000                     
   304  0000                     
   305  0000                     
   306  0000                     
   307  0000                     
   308  0000                     
   309  0000                     
   310  0000                     
   311  0000                     
   312  0000                     
   313  0000                     
   314  0000                     
   315  0000                     
   316  0000                     
   317  0000                     
   318  0000                     
   319  0000                     
   320  0000                     
   321  0000                     
   322  0000                     
   323  0000                     
   324  0000                     
   325  0000                     
   326  0000                     
   327  0000                     
   328  0000                     
   329  0000                     
   330  0000                     
   331  0000                     
   332  0000                     
   333  0000                     
   334  0000                     
   335  0000                     
   336  0000                     
   337  0000                     
   338  0000                     
   339  0000                     
   340  0000                     
   341  0000                     
   342  0000                     
   343  0000                     
   344  0000                     
   345  0000                     
   346  0000                     
   347  0000                     
   348  0000                     
   349  0000                     
   350  0000                     
   351  0000                     
   352  0000                     
   353  0000                     
   354  0000                     
   355  0000                     
   356  0000                     
   357  0000                     
   358  0000                     
   359  0000                     
   360  0000                     
   361  0000                     
   362  0000                     
   363  0000                     
   364  0000                     
   365  0000                     
   366  0000                     
   367  0000                     
   368  0000                     
   369  0000                     
   370  0000                     
   371  0000                     
   372  0000                     
   373  0000                     
   374  0000                     
   375  0000                     
   376  0000                     
   377  0000                     
   378                           
   379                           	psect	rbss_0
   380  0024                     _flag1
                     _flag1
   381  0024                     	ds	1


HI-TECH Software PICC Macro Assembler V9.60
Symbol Table                                          Tue Apr 10 11:22:31 2012

                               l3 06CA  
                               l7 06B5  
                              l11 070A  
                              l12 0702  
                _SendByteSerially 06C8  
   _InitializeSerialCommunication 06D1  
              _SendStringSerially 0701  
                         code_ptr 0076  
                           _flag1 0024  
                     string_table 0021  
                           status 0003  
                    used_code_ptr 0001  
              ?a_SendByteSerially 0025  
             _ReceiveByteSerially 06B5  
             ?_SendStringSerially 0025  
