

HI-TECH Software PICC Macro Assembler V9.60
                                                      Mon Feb 04 22:09:29 2013


     1                           	processor	16F877A
     2                           	opt	pw 79
     3                           	psect	text0,local,class=CODE,delta=2
     4                           	psect	config,global,class=CONFIG,delta=2
     5                           	psect	text1,local,class=CODE,delta=2
     6                           	psect	rbss_0,global,class=BANK0,space=1,delta=
      +                          1
     7                           	psect	temp,global,ovrld,class=BANK0,space=1,de
      +                          lta=1
     8  0000                     
     9  0000                     
    10  0000                     
    11  0000                     
    12  0000                     
    13  0000                     
    14  0000                     
    15  0000                     
    16  0000                     
    17  0000                     	;#
    18                           
    19                           	psect	text0
    20  06AA                     _main
    21                           ;stepper.c: 5: void main()
    22  06AA  1683               	bsf	3,5
    23  06AB  1303               	bcf	3,6	;carry unused
    24  06AC  0186               	clrf	6	;volatile
    25  06AD                     l3
    26                           ;stepper.c: 9: while(1)
    27                           ;stepper.c: 10: {
    28  06AD  1283               	bcf	3,5
    29  06AE  01A0               	clrf	_i
    30  06AF  01A1               	clrf	_i+1
    31  06B0  01A2               	clrf	_i+2
    32  06B1                     l8
    33  06B1  01F3               	clrf	btemp+3
    34  06B2  30C8               	movlw	200
    35  06B3  00F4               	movwf	btemp+4
    36  06B4  3043               	movlw	67
    37  06B5  00F5               	movwf	btemp+5
    38  06B6  1283               	bcf	3,5
    39  06B7  1303               	bcf	3,6	;carry unused
    40  06B8  0820               	movf	_i,w
    41  06B9  00F0               	movwf	btemp
    42  06BA  0821               	movf	_i+1,w
    43  06BB  00F1               	movwf	btemp+1
    44  06BC  0822               	movf	_i+2,w
    45  06BD  00F2               	movwf	btemp+2
    46  06BE  27E1               	call	ftcmp
    47  06BF  1803               	btfsc	3,0
    48  06C0  2ECB               	goto	l6
    49                           ;stepper.c: 12: {}
    50  06C1  01F3               	clrf	btemp+3
    51  06C2  3080               	movlw	128
    52  06C3  00F4               	movwf	btemp+4
    53  06C4  303F               	movlw	63
    54  06C5  00F5               	movwf	btemp+5
    55  06C6  3020               	movlw	_i
    56  06C7  0084               	movwf	4
    57  06C8  1383               	bcf	3,7
    58  06C9  278F               	call	ftadd_f
    59  06CA  2EB1               	goto	l8
    60  06CB                     l6
    61                           ;stepper.c: 13: RB7=1;
    62  06CB  1786               	bsf	6,7
    63                           ;stepper.c: 14: RB6=0;
    64  06CC  1306               	bcf	6,6
    65                           ;stepper.c: 15: RB5=0;
    66  06CD  1286               	bcf	6,5
    67                           ;stepper.c: 16: RB4=0;
    68  06CE  1206               	bcf	6,4
    69                           ;stepper.c: 20: for(i=0;i<400;i++)
    70  06CF  01A0               	clrf	_i
    71  06D0  01A1               	clrf	_i+1
    72  06D1  01A2               	clrf	_i+2
    73  06D2                     l12
    74  06D2  01F3               	clrf	btemp+3
    75  06D3  30C8               	movlw	200
    76  06D4  00F4               	movwf	btemp+4
    77  06D5  3043               	movlw	67
    78  06D6  00F5               	movwf	btemp+5
    79  06D7  1283               	bcf	3,5
    80  06D8  1303               	bcf	3,6	;carry unused
    81  06D9  0820               	movf	_i,w
    82  06DA  00F0               	movwf	btemp
    83  06DB  0821               	movf	_i+1,w
    84  06DC  00F1               	movwf	btemp+1
    85  06DD  0822               	movf	_i+2,w
    86  06DE  00F2               	movwf	btemp+2
    87  06DF  27E1               	call	ftcmp
    88  06E0  1803               	btfsc	3,0
    89  06E1  2EEC               	goto	l10
    90                           ;stepper.c: 21: {}
    91  06E2  01F3               	clrf	btemp+3
    92  06E3  3080               	movlw	128
    93  06E4  00F4               	movwf	btemp+4
    94  06E5  303F               	movlw	63
    95  06E6  00F5               	movwf	btemp+5
    96  06E7  3020               	movlw	_i
    97  06E8  0084               	movwf	4
    98  06E9  1383               	bcf	3,7
    99  06EA  278F               	call	ftadd_f
   100  06EB  2ED2               	goto	l12
   101  06EC                     l10
   102                           ;stepper.c: 22: RB7=0;
   103  06EC  1386               	bcf	6,7
   104                           ;stepper.c: 23: RB6=0;
   105  06ED  1306               	bcf	6,6
   106                           ;stepper.c: 24: RB5=1;
   107  06EE  1686               	bsf	6,5
   108                           ;stepper.c: 25: RB4=0;
   109  06EF  1206               	bcf	6,4
   110                           ;stepper.c: 29: for(i=0;i<400;i++)
   111  06F0  01A0               	clrf	_i
   112  06F1  01A1               	clrf	_i+1
   113  06F2  01A2               	clrf	_i+2
   114  06F3                     l16
   115  06F3  01F3               	clrf	btemp+3
   116  06F4  30C8               	movlw	200
   117  06F5  00F4               	movwf	btemp+4
   118  06F6  3043               	movlw	67
   119  06F7  00F5               	movwf	btemp+5
   120  06F8  1283               	bcf	3,5
   121  06F9  1303               	bcf	3,6	;carry unused
   122  06FA  0820               	movf	_i,w
   123  06FB  00F0               	movwf	btemp
   124  06FC  0821               	movf	_i+1,w
   125  06FD  00F1               	movwf	btemp+1
   126  06FE  0822               	movf	_i+2,w
   127  06FF  00F2               	movwf	btemp+2
   128  0700  27E1               	call	ftcmp
   129  0701  1803               	btfsc	3,0
   130  0702  2F0D               	goto	l14
   131                           ;stepper.c: 30: {}
   132  0703  01F3               	clrf	btemp+3
   133  0704  3080               	movlw	128
   134  0705  00F4               	movwf	btemp+4
   135  0706  303F               	movlw	63
   136  0707  00F5               	movwf	btemp+5
   137  0708  3020               	movlw	_i
   138  0709  0084               	movwf	4
   139  070A  1383               	bcf	3,7
   140  070B  278F               	call	ftadd_f
   141  070C  2EF3               	goto	l16
   142  070D                     l14
   143                           ;stepper.c: 31: RB7=0;
   144  070D  1386               	bcf	6,7
   145                           ;stepper.c: 32: RB6=1;
   146  070E  1706               	bsf	6,6
   147                           ;stepper.c: 33: RB5=0;
   148  070F  1286               	bcf	6,5
   149                           ;stepper.c: 34: RB4=0;
   150  0710  1206               	bcf	6,4
   151                           ;stepper.c: 38: for(i=0;i<400;i++)
   152  0711  01A0               	clrf	_i
   153  0712  01A1               	clrf	_i+1
   154  0713  01A2               	clrf	_i+2
   155  0714                     l20
   156  0714  01F3               	clrf	btemp+3
   157  0715  30C8               	movlw	200
   158  0716  00F4               	movwf	btemp+4
   159  0717  3043               	movlw	67
   160  0718  00F5               	movwf	btemp+5
   161  0719  1283               	bcf	3,5
   162  071A  1303               	bcf	3,6	;carry unused
   163  071B  0820               	movf	_i,w
   164  071C  00F0               	movwf	btemp
   165  071D  0821               	movf	_i+1,w
   166  071E  00F1               	movwf	btemp+1
   167  071F  0822               	movf	_i+2,w
   168  0720  00F2               	movwf	btemp+2
   169  0721  27E1               	call	ftcmp
   170  0722  1803               	btfsc	3,0
   171  0723  2F2E               	goto	l18
   172                           ;stepper.c: 39: {}
   173  0724  01F3               	clrf	btemp+3
   174  0725  3080               	movlw	128
   175  0726  00F4               	movwf	btemp+4
   176  0727  303F               	movlw	63
   177  0728  00F5               	movwf	btemp+5
   178  0729  3020               	movlw	_i
   179  072A  0084               	movwf	4
   180  072B  1383               	bcf	3,7
   181  072C  278F               	call	ftadd_f
   182  072D  2F14               	goto	l20
   183  072E                     l18
   184                           ;stepper.c: 40: RB7=0;
   185  072E  1386               	bcf	6,7
   186                           ;stepper.c: 41: RB6=0;
   187  072F  1306               	bcf	6,6
   188                           ;stepper.c: 42: RB5=0;
   189  0730  1286               	bcf	6,5
   190                           ;stepper.c: 43: RB4=1;
   191  0731  1606               	bsf	6,4
   192  0732  2EAD               	goto	l3
   193                           
   194                           	psect	config
   195  2007  2F0A               	dw	12042	;#
   196                           
   197                           	psect	text1
   198  0000                     
   199  0000                     
   200  0000                     
   201  0000                     
   202  0000                     
   203  0000                     
   204  0000                     
   205  0000                     
   206  0000                     
   207  0000                     
   208  0000                     
   209  0000                     
   210  0000                     
   211  0000                     
   212  0000                     
   213  0000                     
   214  0000                     
   215  0000                     
   216  0000                     
   217  0000                     
   218  0000                     
   219  0000                     
   220  0000                     
   221  0000                     
   222  0000                     
   223  0000                     
   224  0000                     
   225  0000                     
   226  0000                     
   227  0000                     
   228  0000                     
   229  0000                     
   230  0000                     
   231  0000                     
   232  0000                     
   233  0000                     
   234  0000                     
   235  0000                     
   236  0000                     
   237  0000                     
   238  0000                     
   239  0000                     
   240  0000                     
   241  0000                     
   242  0000                     
   243  0000                     
   244  0000                     
   245  0000                     
   246  0000                     
   247  0000                     
   248  0000                     
   249  0000                     
   250  0000                     
   251  0000                     
   252  0000                     
   253  0000                     
   254  0000                     
   255  0000                     
   256  0000                     
   257  0000                     
   258  0000                     
   259  0000                     
   260  0000                     
   261  0000                     
   262  0000                     
   263  0000                     
   264  0000                     
   265  0000                     
   266  0000                     
   267  0000                     
   268  0000                     
   269  0000                     
   270  0000                     
   271  0000                     
   272  0000                     
   273  0000                     
   274  0000                     
   275  0000                     
   276  0000                     
   277  0000                     
   278  0000                     
   279  0000                     
   280  0000                     
   281  0000                     
   282  0000                     
   283  0000                     
   284  0000                     
   285  0000                     
   286  0000                     
   287  0000                     
   288  0000                     
   289  0000                     
   290  0000                     
   291  0000                     
   292  0000                     
   293  0000                     
   294  0000                     
   295  0000                     
   296  0000                     
   297  0000                     
   298  0000                     
   299  0000                     
   300  0000                     
   301  0000                     
   302  0000                     
   303  0000                     
   304  0000                     
   305  0000                     
   306  0000                     
   307  0000                     
   308  0000                     
   309  0000                     
   310  0000                     
   311  0000                     
   312  0000                     
   313  0000                     
   314  0000                     
   315  0000                     
   316  0000                     
   317  0000                     
   318  0000                     
   319  0000                     
   320  0000                     
   321  0000                     
   322  0000                     
   323  0000                     
   324  0000                     
   325  0000                     
   326  0000                     
   327  0000                     
   328  0000                     
   329  0000                     
   330  0000                     
   331  0000                     
   332  0000                     
   333  0000                     
   334  0000                     
   335  0000                     
   336  0000                     
   337  0000                     
   338  0000                     
   339  0000                     
   340  0000                     
   341  0000                     
   342  0000                     
   343  0000                     
   344  0000                     
   345  0000                     
   346  0000                     
   347  0000                     
   348  0000                     
   349  0000                     
   350  0000                     
   351  0000                     
   352  0000                     
   353  0000                     
   354  0000                     
   355  0000                     
   356  0000                     
   357  0000                     
   358  0000                     
   359  0000                     
   360  0000                     
   361  0000                     
   362  0000                     
   363  0000                     
   364  0000                     
   365  0000                     
   366  0000                     
   367  0000                     
   368  0000                     
   369  0000                     
   370  0000                     
   371  0000                     
   372  0000                     
   373  0000                     
   374  0000                     
   375  0000                     
   376  0000                     
   377  0000                     
   378  0000                     
   379  0000                     
   380  0000                     
   381  0000                     
   382  0000                     
   383  0000                     
   384  0000                     
   385  0000                     
   386  0000                     
   387  0000                     
   388  0000                     
   389  0000                     
   390  0000                     
   391  0000                     
   392  0000                     
   393  0000                     
   394  0000                     
   395  0000                     
   396  0000                     
   397  0000                     
   398  0000                     
   399  0000                     
   400  0000                     
   401  0000                     
   402  0000                     
   403  0000                     
   404  0000                     
   405  0000                     
   406  0000                     
   407  0000                     
   408  0000                     
   409  0000                     
   410  0000                     
   411  0000                     
   412  0000                     
   413  0000                     
   414  0000                     
   415  0000                     
   416  0000                     
   417  0000                     
   418  0000                     
   419  0000                     
   420  0000                     
   421  0000                     
   422  0000                     
   423  0000                     
   424  0000                     
   425  0000                     
   426  0000                     
   427  0000                     
   428  0000                     
   429  0000                     
   430  0000                     
   431  0000                     
   432  0000                     
   433  0000                     
   434  0000                     
   435  0000                     
   436  0000                     
   437  0000                     
   438  0000                     
   439  0000                     
   440  0000                     
   441  0000                     
   442  0000                     
   443  0000                     
   444  0000                     
   445  0000                     
   446  0000                     
   447  0000                     
   448  0000                     
   449  0000                     
   450  0000                     
   451  0000                     
   452  0000                     
   453  0000                     
   454  0000                     
   455  0000                     
   456  0000                     
   457  0000                     
   458  0000                     
   459  0000                     
   460  0000                     
   461  0000                     
   462  0000                     
   463  0000                     
   464  0000                     
   465  0000                     
   466  0000                     
   467  0000                     
   468  0000                     
   469  0000                     
   470  0000                     
   471  0000                     
   472  0000                     
   473  0000                     
   474                           
   475                           	psect	rbss_0
   476  0020                     _i
                     _i
   477  0020                     	ds	3
   478                           
   479                           	psect	temp
   480  0070                     btemp
                     btemp
   481  0070                     	ds	6


HI-TECH Software PICC Macro Assembler V9.60
Symbol Table                                          Mon Feb 04 22:09:29 2013

         l3 06AD           l6 06CB           l8 06B1           _i 0020  
        l10 06EC          l20 0714          l12 06D2          l14 070D  
        l16 06F3          l18 072E          fsr 0004        _main 06AA  
      btemp 0070      ftadd_f 078F        ftcmp 07E1        start 0000  
     status 0003  used_btemp0 0001  used_btemp1 0001  used_btemp2 0001  
used_btemp3 0001  used_btemp4 0001  used_btemp5 0001  
