

HI-TECH Software PICC Macro Assembler V9.60
                                                      Sat Feb 09 11:32:20 2013


     1                           	processor	16F877A
     2                           	opt	pw 79
     3                           	psect	text0,local,class=CODE,delta=2
     4                           	psect	config,global,class=CONFIG,delta=2
     5                           	psect	text1,local,class=CODE,delta=2
     6                           	psect	temp,global,ovrld,class=BANK0,space=1,de
      +                          lta=1
     7  0000                     
     8  0000                     
     9  0000                     
    10  0000                     
    11  0000                     
    12  0000                     
    13  0000                     
    14  0000                     
    15  0000                     
    16  0000                     	;#
    17                           
    18                           	psect	text0
    19  079B                     _main
    20                           ;	_time assigned to ?a_main+0
    21  0000                     _main$time	set	?a_main
    22                           ;on.c: 4: void main()
    23  079B  1683               	bsf	3,5
    24  079C  1303               	bcf	3,6	;carry unused
    25  079D  1381               	bcf	1,7
    26                           ;on.c: 8: TRISB=0;
    27  079E  0186               	clrf	6	;volatile
    28  079F                     l3
    29                           ;on.c: 9: while(1)
    30                           ;on.c: 10: {
    31  079F  1283               	bcf	3,5
    32  07A0  1303               	bcf	3,6	;carry unused
    33  07A1  0186               	clrf	6	;volatile
    34                           ;on.c: 12: time=60000;
    35  07A2  3060               	movlw	96
    36  07A3  00A0               	movwf	?a_main
    37  07A4  30EA               	movlw	234
    38  07A5  00A1               	movwf	?a_main+1
    39  07A6  01A2               	clrf	?a_main+2
    40  07A7  01A3               	clrf	?a_main+3
    41                           ;on.c: 13: while(time>0)
    42  07A8                     l5
    43  07A8  0823               	movf	?a_main+3,w
    44  07A9  3A80               	xorlw	128
    45  07AA  00F0               	movwf	btemp
    46  07AB  3080               	movlw	128
    47  07AC  0270               	subwf	btemp,w
    48  07AD  1D03               	btfss	3,2
    49  07AE  2FB9               	goto	u15
    50  07AF  3000               	movlw	0
    51  07B0  0222               	subwf	?a_main+2,w
    52  07B1  1D03               	btfss	3,2
    53  07B2  2FB9               	goto	u15
    54  07B3  3000               	movlw	0
    55  07B4  0221               	subwf	?a_main+1,w
    56  07B5  1D03               	btfss	3,2
    57  07B6  2FB9               	goto	u15
    58  07B7  3001               	movlw	1
    59  07B8  0220               	subwf	?a_main,w
    60  07B9                     u15
    61  07B9  1C03               	btfss	3,0
    62  07BA  2FD0               	goto	l7
    63                           ;on.c: 14: {
    64  07BB  3001               	movlw	1
    65  07BC  00F0               	movwf	btemp
    66  07BD  01F1               	clrf	btemp+1
    67  07BE  01F2               	clrf	btemp+2
    68  07BF  01F3               	clrf	btemp+3
    69  07C0  1283               	bcf	3,5
    70  07C1  1303               	bcf	3,6	;carry unused
    71  07C2  02A0               	subwf	?a_main
    72  07C3  0871               	movf	btemp+1,w
    73  07C4  1C03               	btfss	3,0
    74  07C5  0F71               	incfsz	btemp+1,w
    75  07C6  02A1               	subwf	?a_main+1
    76  07C7  0872               	movf	btemp+2,w
    77  07C8  1C03               	btfss	3,0
    78  07C9  0F72               	incfsz	btemp+2,w
    79  07CA  02A2               	subwf	?a_main+2
    80  07CB  0873               	movf	btemp+3,w
    81  07CC  1C03               	btfss	3,0
    82  07CD  0A73               	incf	btemp+3,w
    83  07CE  02A3               	subwf	?a_main+3
    84  07CF  2FA8               	goto	l5
    85  07D0                     l7
    86                           ;on.c: 16: }
    87  07D0  30FF               	movlw	-1
    88  07D1  0086               	movwf	6	;volatile
    89                           ;on.c: 20: time=60000;
    90  07D2  3060               	movlw	96
    91  07D3  00A0               	movwf	?a_main
    92  07D4  30EA               	movlw	234
    93  07D5  00A1               	movwf	?a_main+1
    94  07D6  01A2               	clrf	?a_main+2
    95  07D7  01A3               	clrf	?a_main+3
    96                           ;on.c: 21: while(time>0)
    97  07D8                     l8
    98  07D8  0823               	movf	?a_main+3,w
    99  07D9  3A80               	xorlw	128
   100  07DA  00F0               	movwf	btemp
   101  07DB  3080               	movlw	128
   102  07DC  0270               	subwf	btemp,w
   103  07DD  1D03               	btfss	3,2
   104  07DE  2FE9               	goto	u25
   105  07DF  3000               	movlw	0
   106  07E0  0222               	subwf	?a_main+2,w
   107  07E1  1D03               	btfss	3,2
   108  07E2  2FE9               	goto	u25
   109  07E3  3000               	movlw	0
   110  07E4  0221               	subwf	?a_main+1,w
   111  07E5  1D03               	btfss	3,2
   112  07E6  2FE9               	goto	u25
   113  07E7  3001               	movlw	1
   114  07E8  0220               	subwf	?a_main,w
   115  07E9                     u25
   116  07E9  1C03               	btfss	3,0
   117  07EA  2F9F               	goto	l3
   118                           ;on.c: 22: {
   119  07EB  3001               	movlw	1
   120  07EC  00F0               	movwf	btemp
   121  07ED  01F1               	clrf	btemp+1
   122  07EE  01F2               	clrf	btemp+2
   123  07EF  01F3               	clrf	btemp+3
   124  07F0  1283               	bcf	3,5
   125  07F1  1303               	bcf	3,6	;carry unused
   126  07F2  02A0               	subwf	?a_main
   127  07F3  0871               	movf	btemp+1,w
   128  07F4  1C03               	btfss	3,0
   129  07F5  0F71               	incfsz	btemp+1,w
   130  07F6  02A1               	subwf	?a_main+1
   131  07F7  0872               	movf	btemp+2,w
   132  07F8  1C03               	btfss	3,0
   133  07F9  0F72               	incfsz	btemp+2,w
   134  07FA  02A2               	subwf	?a_main+2
   135  07FB  0873               	movf	btemp+3,w
   136  07FC  1C03               	btfss	3,0
   137  07FD  0A73               	incf	btemp+3,w
   138  07FE  02A3               	subwf	?a_main+3
   139  07FF  2FD8               	goto	l8
   140                           
   141                           	psect	config
   142  2007  2F0A               	dw	12042	;#
   143                           
   144                           	psect	text1
   145  0000                     
   146  0000                     
   147  0000                     
   148  0000                     
   149  0000                     
   150  0000                     
   151  0000                     
   152  0000                     
   153  0000                     
   154  0000                     
   155  0000                     
   156  0000                     
   157  0000                     
   158  0000                     
   159  0000                     
   160  0000                     
   161  0000                     
   162  0000                     
   163  0000                     
   164  0000                     
   165  0000                     
   166  0000                     
   167  0000                     
   168  0000                     
   169  0000                     
   170  0000                     
   171  0000                     
   172  0000                     
   173  0000                     
   174  0000                     
   175  0000                     
   176  0000                     
   177  0000                     
   178  0000                     
   179  0000                     
   180  0000                     
   181  0000                     
   182  0000                     
   183  0000                     
   184  0000                     
   185  0000                     
   186  0000                     
   187  0000                     
   188  0000                     
   189  0000                     
   190  0000                     
   191  0000                     
   192  0000                     
   193  0000                     
   194  0000                     
   195  0000                     
   196  0000                     
   197  0000                     
   198  0000                     
   199  0000                     
   200  0000                     
   201  0000                     
   202  0000                     
   203  0000                     
   204  0000                     
   205  0000                     
   206  0000                     
   207  0000                     
   208  0000                     
   209  0000                     
   210  0000                     
   211  0000                     
   212  0000                     
   213  0000                     
   214  0000                     
   215  0000                     
   216  0000                     
   217  0000                     
   218  0000                     
   219  0000                     
   220  0000                     
   221  0000                     
   222  0000                     
   223  0000                     
   224  0000                     
   225  0000                     
   226  0000                     
   227  0000                     
   228  0000                     
   229  0000                     
   230  0000                     
   231  0000                     
   232  0000                     
   233  0000                     
   234  0000                     
   235  0000                     
   236  0000                     
   237  0000                     
   238  0000                     
   239  0000                     
   240  0000                     
   241  0000                     
   242  0000                     
   243  0000                     
   244  0000                     
   245  0000                     
   246  0000                     
   247  0000                     
   248  0000                     
   249  0000                     
   250  0000                     
   251  0000                     
   252  0000                     
   253  0000                     
   254  0000                     
   255  0000                     
   256  0000                     
   257  0000                     
   258  0000                     
   259  0000                     
   260  0000                     
   261  0000                     
   262  0000                     
   263  0000                     
   264  0000                     
   265  0000                     
   266  0000                     
   267  0000                     
   268  0000                     
   269  0000                     
   270  0000                     
   271  0000                     
   272  0000                     
   273  0000                     
   274  0000                     
   275  0000                     
   276  0000                     
   277  0000                     
   278  0000                     
   279  0000                     
   280  0000                     
   281  0000                     
   282  0000                     
   283  0000                     
   284  0000                     
   285  0000                     
   286  0000                     
   287  0000                     
   288  0000                     
   289  0000                     
   290  0000                     
   291  0000                     
   292  0000                     
   293  0000                     
   294  0000                     
   295  0000                     
   296  0000                     
   297  0000                     
   298  0000                     
   299  0000                     
   300  0000                     
   301  0000                     
   302  0000                     
   303  0000                     
   304  0000                     
   305  0000                     
   306  0000                     
   307  0000                     
   308  0000                     
   309  0000                     
   310  0000                     
   311  0000                     
   312  0000                     
   313  0000                     
   314  0000                     
   315  0000                     
   316  0000                     
   317  0000                     
   318  0000                     
   319  0000                     
   320  0000                     
   321  0000                     
   322  0000                     
   323  0000                     
   324  0000                     
   325  0000                     
   326  0000                     
   327  0000                     
   328  0000                     
   329  0000                     
   330  0000                     
   331  0000                     
   332  0000                     
   333  0000                     
   334  0000                     
   335  0000                     
   336  0000                     
   337  0000                     
   338  0000                     
   339  0000                     
   340  0000                     
   341  0000                     
   342  0000                     
   343  0000                     
   344  0000                     
   345  0000                     
   346  0000                     
   347  0000                     
   348  0000                     
   349  0000                     
   350  0000                     
   351  0000                     
   352  0000                     
   353  0000                     
   354  0000                     
   355  0000                     
   356  0000                     
   357  0000                     
   358  0000                     
   359  0000                     
   360  0000                     
   361  0000                     
   362  0000                     
   363  0000                     
   364  0000                     
   365  0000                     
   366  0000                     
   367  0000                     
   368  0000                     
   369  0000                     
   370  0000                     
   371  0000                     
   372  0000                     
   373  0000                     
   374  0000                     
   375  0000                     
   376  0000                     
   377  0000                     
   378  0000                     
   379  0000                     
   380  0000                     
   381  0000                     
   382  0000                     
   383  0000                     
   384  0000                     
   385  0000                     
   386  0000                     
   387  0000                     
   388  0000                     
   389  0000                     
   390  0000                     
   391  0000                     
   392  0000                     
   393  0000                     
   394  0000                     
   395  0000                     
   396  0000                     
   397  0000                     
   398  0000                     
   399  0000                     
   400  0000                     
   401  0000                     
   402  0000                     
   403  0000                     
   404  0000                     
   405  0000                     
   406  0000                     
   407  0000                     
   408  0000                     
   409  0000                     
   410  0000                     
   411  0000                     
   412  0000                     
   413  0000                     
   414  0000                     
   415  0000                     
   416  0000                     
   417  0000                     
   418  0000                     
   419  0000                     
   420  0000                     
   421                           
   422                           	psect	temp
   423  0070                     btemp
                     btemp
   424  0070                     	ds	4


HI-TECH Software PICC Macro Assembler V9.60
Symbol Table                                          Sat Feb 09 11:32:20 2013

    ?a_main 0020           l3 079F           l5 07A8           l7 07D0  
         l8 07D8          u15 07B9          u25 07E9        _main 079B  
      btemp 0070        start 0000       status 0003  used_btemp0 0001  
used_btemp1 0001  used_btemp2 0001  used_btemp3 0001  
