

HI-TECH Software PICC Macro Assembler V9.65PL1 build 4898 
                                                      Mon Feb 27 02:51:38 2012

HI-TECH Software Omniscient Code Generator build 4898
     1  0000                     opt subtitle "HI-TECH Software Omniscient Code 
                                 Generator build 4898"
     2                           
     3                           	processor	16F877A
     4                           clrc	macro
     5                           	bcf	status,0
     6  0000                     	endm
     7                           clrz	macro
     8                           	bcf	status,2
     9  0000                     	endm
    10                           setc	macro
    11                           	bsf	status,0
    12  0000                     	endm
    13                           setz	macro
    14                           	bsf	status,2
    15  0000                     	endm
    16                           skipc	macro
    17                           	btfss	status,0
    18  0000                     	endm
    19                           skipz	macro
    20                           	btfss	status,2
    21  0000                     	endm
    22                           skipnc	macro
    23                           	btfsc	status,0
    24  0000                     	endm
    25                           skipnz	macro
    26                           	btfsc	status,2
    27  0000                     	endm
    28  0000                     indf	equ	0
    29  0000                     indf0	equ	0
    30  0000                     pc	equ	2
    31  0000                     pcl	equ	2
    32  0000                     status	equ	3
    33  0000                     fsr	equ	4
    34  0000                     fsr0	equ	4
    35  0000                     c	equ	1
    36  0000                     z	equ	0
    37  0000                     pclath	equ	10
    38                           # 2 "C:\Users\hardik\Desktop\projects\blink2\ma
                                 in.c"
    39                           	psect config,class=CONFIG,delta=2 ;#
    40                           # 2 "C:\Users\hardik\Desktop\projects\blink2\ma
                                 in.c"
    41  2007  2F0A               	dw 0x2F0A ;#
    42                           global __tempreg
    43  0000                     __tempreg	set	112
    44                           global __Lrdata_0, __Hrdata_0
    45  0000                     __Lrdata_0	equ	0x0
    46  0000                     __Hrdata_0	equ	0x1
    47                           global __Lramdata, __Lrdata_0, __Hramdata, __Hr
                                 data_0
    48  0000                     __Lramdata	set	__Lrdata_0
    49  0000                     __Hramdata	set	__Hrdata_0
    50                           	GLOBAL	__databank
    51  0000                     __databank	EQU	0
    52  0000                     _main_count	equ	??_main+0
    53                           	global	_main_count
    54                           ;Data sizes: Strings 0, constant 0, data 0, bss
                                  0, persistent 0 stack 5
    55                           	global	_main
    56                           	global	??_main
    57                           	global	?_main
    58                           
    59                           ; *************** function _main **************
                                 *
    60                           ; Defined at:
    61                           ;		line 6 in file "C:\Users\hardik\Desktop\proj
                                 ects\blink2\main.c"
    62                           ; Parameters:
    63                           ;		None
    64                           ; Auto variables:
    65                           ;		i           	       	type: long 
    66                           ;		j           	       	type: long 
    67                           ;		count       	       	type: long 
    68                           ; Return value:
    69                           ;		type: void 
    70                           ;		size: 0
    71                           ; Registers used:
    72                           ;		wreg, status,2, status,0
    73                           ; Tracked objects:
    74                           ;		On entry : BFF/0
    75                           ;		On exit  : 0/0
    76                           ;		Unchanged: 0/0
    77                           ; Data sizes:
    78                           ;		Autos:    4
    79                           ;		Params:   0
    80                           ;		Temp:     1
    81                           ;		Total:    5
    82                           ; This function calls:
    83                           ;		Nothing
    84                           ; This function is called by:
    85                           ;		Startup code after reset
    86                           ; This function uses a non-reentrant model
    87                           ; 
    88                           	psect	maintext,class=CODE,delta=2
    89                           	file	"C:\Users\hardik\Desktop\projects\blink2\
                                 main.c"
    90                           	line	6
    91                           	psect	maintext
    92                           ;main.c: 2: asm("\tpsect config,class=CONFIG,de
                                 lta=2"); asm("\tdw ""0x2F0A");
    93                           ;main.c: 5: void main()
    94                           ;main.c: 6: {
    95                           	
    96  0003                     _main:	
    97                           	opt stack 8
    98                           ; Regs used in _main: [wreg+status,2+status,0]
    99                           	line	7
   100                           ;main.c: 7: RBPU=0;
   101  0003  1683               	bsf	status, 5	;RP0=1, select bank1
   102  0004  1303               	bcf	status, 6	;RP1=0, select bank1
   103  0005  1381               	bcf	(1039/8)^080h,(1039)&7
   104                           	line	8
   105                           ;main.c: 8: TRISB=0;
   106  0006  1003               	clrc
   107                           	
   108  0007  3000               	movlw	0
   109  0008  1803               	btfsc	status,0
   110  0009  3001               	movlw	1
   111  000A  0086               	movwf	(134)^080h	;volatile
   112                           	line	10
   113                           ;main.c: 9: long int i,j,count;
   114                           ;main.c: 10: while(1)
   115                           	
   116  000B                     l3:	
   117                           	line	12
   118                           ;main.c: 11: {
   119                           ;main.c: 12: count=60000;
   120                           	
   121  000B  3000               	movlw	0
   122  000C  00F3               	movwf	(_main_count+3)
   123  000D  3000               	movlw	0
   124  000E  00F2               	movwf	(_main_count+2)
   125  000F  30EA               	movlw	0EAh
   126  0010  00F1               	movwf	(_main_count+1)
   127  0011  3060               	movlw	060h
   128  0012  00F0               	movwf	(_main_count)
   129                           
   130                           	line	13
   131                           ;main.c: 13: RB1=0;
   132  0013  1283               	bcf	status, 5	;RP0=0, select bank0
   133  0014  1303               	bcf	status, 6	;RP1=0, select bank0
   134  0015  1086               	bcf	(49/8),(49)&7
   135                           	line	14
   136                           ;main.c: 14: while(count>0)
   137  0016  282B               	goto	l5
   138                           	
   139  0017                     l6:	
   140                           	line	16
   141                           ;main.c: 15: {
   142                           ;main.c: 16: count--;
   143                           	
   144  0017  30FF               	movlw	0FFh
   145  0018  07F0               	addwf	(_main_count),f
   146  0019  30FF               	movlw	0FFh
   147  001A  1103               	clrz
   148  001B  1803               	skipnc
   149  001C  3E01               	addlw	1
   150  001D  1D03               	skipz
   151  001E  07F1               	addwf	(_main_count+1),f
   152  001F  30FF               	movlw	0FFh
   153  0020  1103               	clrz
   154  0021  1803               	skipnc
   155  0022  3E01               	addlw	1
   156  0023  1D03               	skipz
   157  0024  07F2               	addwf	(_main_count+2),f
   158  0025  30FF               	movlw	0FFh
   159  0026  1103               	clrz
   160  0027  1803               	skipnc
   161  0028  3E01               	addlw	1
   162  0029  1D03               	skipz
   163  002A  07F3               	addwf	(_main_count+3),f
   164                           	line	17
   165                           	
   166  002B                     l5:	
   167                           	line	14
   168                           	
   169  002B  0873               	movf	(_main_count+3),w
   170  002C  3A80               	xorlw	80h
   171  002D  00F4               	movwf	(??_main+4+0)
   172  002E  3080               	movlw	high highword(01h)^80h
   173  002F  0274               	subwf	(??_main+4+0),w
   174  0030  1D03               	skipz
   175  0031  283C               	goto	u34
   176  0032  3000               	movlw	low highword(01h)
   177  0033  0272               	subwf	(_main_count+2),w
   178  0034  1D03               	skipz
   179  0035  283C               	goto	u34
   180  0036  3000               	movlw	high(01h)
   181  0037  0271               	subwf	(_main_count+1),w
   182  0038  1D03               	skipz
   183  0039  283C               	goto	u34
   184  003A  3001               	movlw	low(01h)
   185  003B  0270               	subwf	(_main_count),w
   186  003C                     u34:
   187                           
   188  003C  1803               	skipnc
   189  003D  283F               	goto	u31
   190  003E  2840               	goto	u30
   191  003F                     u31:
   192  003F  2817               	goto	l6
   193  0040                     u30:
   194                           	
   195  0040                     l7:	
   196                           	line	19
   197                           ;main.c: 17: }
   198                           ;main.c: 19: count=60000;
   199                           	
   200  0040  3000               	movlw	0
   201  0041  00F3               	movwf	(_main_count+3)
   202  0042  3000               	movlw	0
   203  0043  00F2               	movwf	(_main_count+2)
   204+ 0044  30EA               	movlw	0EAh
   205+ 0045  00F1               	movwf	(_main_count+1)
   206+ 0046  3060               	movlw	060h
   207+ 0047  00F0               	movwf	(_main_count)
   208+                          
   209+                          	line	20
   210+                          ;main.c: 20: RB1=1;
   211+ 0048  1283               	bcf	status, 5	;RP0=0, select bank0
   212+ 0049  1303               	bcf	status, 6	;RP1=0, select bank0
   213+ 004A  1486               	bsf	(49/8),(49)&7
   214+                          	line	21
   215+                          ;main.c: 21: while(count>0)
   216+ 004B  2860               	goto	l8
   217+                          	
   218+ 004C                     l9:	
   219+                          	line	23
   220+                          ;main.c: 22: {
   221+                          ;main.c: 23: count--;
   222+                          	
   223+ 004C  30FF               	movlw	0FFh
   224+ 004D  07F0               	addwf	(_main_count),f
   225+ 004E  30FF               	movlw	0FFh
   226+ 004F  1103               	clrz
   227+ 0050  1803               	skipnc
   228+ 0051  3E01               	addlw	1
   229+ 0052  1D03               	skipz
   230+ 0053  07F1               	addwf	(_main_count+1),f
   231+ 0054  30FF               	movlw	0FFh
   232+ 0055  1103               	clrz
   233+ 0056  1803               	skipnc
   234+ 0057  3E01               	addlw	1
   235+ 0058  1D03               	skipz
   236+ 0059  07F2               	addwf	(_main_count+2),f
   237+ 005A  30FF               	movlw	0FFh
   238+ 005B  1103               	clrz
   239+ 005C  1803               	skipnc
   240+ 005D  3E01               	addlw	1
   241+ 005E  1D03               	skipz
   242+ 005F  07F3               	addwf	(_main_count+3),f
   243+                          	line	24
   244+                          	
   245+ 0060                     l8:	
   246+                          	line	21
   247+                          	
   248+ 0060  0873               	movf	(_main_count+3),w
   249+ 0061  3A80               	xorlw	80h
   250+ 0062  00F4               	movwf	(??_main+4+0)
   251+ 0063  3080               	movlw	high highword(01h)^80h
   252+ 0064  0274               	subwf	(??_main+4+0),w
   253+ 0065  1D03               	skipz
   254+ 0066  2871               	goto	u44
   255+ 0067  3000               	movlw	low highword(01h)
   256+ 0068  0272               	subwf	(_main_count+2),w
   257+ 0069  1D03               	skipz
   258+ 006A  2871               	goto	u44
   259+ 006B  3000               	movlw	high(01h)
   260+ 006C  0271               	subwf	(_main_count+1),w
   261+ 006D  1D03               	skipz
   262+ 006E  2871               	goto	u44
   263+ 006F  3001               	movlw	low(01h)
   264+ 0070  0270               	subwf	(_main_count),w
   265+ 0071                     u44:
   266+                          
   267+ 0071  1803               	skipnc
   268+ 0072  2874               	goto	u41
   269+ 0073  2875               	goto	u40
   270+ 0074                     u41:
   271+ 0074  284C               	goto	l9
   272+ 0075                     u40:
   273+                          	
   274+ 0075                     l10:	
   275                           	line	25
   276                           	
   277  0075                     l2:	
   278+                          	line	10
   279+ 0075  280B               	goto	l3
   280+                          	global	start
   281+ 0076  120A  118A  2800   	ljmp	start
   282+                          ; =============== function _main ends =========
      +                          ======
   283+                          
   284+                          GLOBAL __end_of_main
   285+ 0079                     	__end_of_main:
   286+                          	FNSIZE	_main,5,0
   287+                          	psect	maintext
   288+                          	line	28
   289+                          	signat	_main,88
   290+                          	FNROOT	_main
   291+                          	psect	strings,class=CODE,delta=2,reloc=256
   292+                          	global	_ADCON0
   293+                          	global	_ADCON0
   294+ 0000                     	_ADCON0	set	0x1F
   295+                          
   296+                          	global	_ADCON1
   297+                          	global	_ADCON1
   298+ 0000                     	_ADCON1	set	0x9F
   299+                          
   300+                          	global	_ADRESH
   301+                          	global	_ADRESH
   302+ 0000                     	_ADRESH	set	0x1E
   303+                          
   304+                          	global	_ADRESL
   305+                          	global	_ADRESL
   306+ 0000                     	_ADRESL	set	0x9E
   307+                          
   308+                          	global	_CCP1CON
   309+                          	global	_CCP1CON
   310+ 0000                     	_CCP1CON	set	0x17
   311+                          
   312+                          	global	_CCP2CON
   313+                          	global	_CCP2CON
   314+ 0000                     	_CCP2CON	set	0x1D
   315+                          
   316+                          	global	_CCPR1H
   317+                          	global	_CCPR1H
   318+ 0000                     	_CCPR1H	set	0x16
   319+                          
   320+                          	global	_CCPR1L
   321+                          	global	_CCPR1L
   322+ 0000                     	_CCPR1L	set	0x15
   323+                          
   324+                          	global	_CCPR2H
   325+                          	global	_CCPR2H
   326+ 0000                     	_CCPR2H	set	0x1C
   327+                          
   328+                          	global	_CCPR2L
   329+                          	global	_CCPR2L
   330+ 0000                     	_CCPR2L	set	0x1B
   331+                          
   332+                          	global	_CMCON
   333+                          	global	_CMCON
   334+ 0000                     	_CMCON	set	0x9C
   335+                          
   336+                          	global	_CVRCON
   337+                          	global	_CVRCON
   338+ 0000                     	_CVRCON	set	0x9D
   339+                          
   340+                          	global	_EEADR
   341+                          	global	_EEADR
   342+ 0000                     	_EEADR	set	0x10D
   343+                          
   344+                          	global	_EEADRH
   345+                          	global	_EEADRH
   346+ 0000                     	_EEADRH	set	0x10F
   347+                          
   348+                          	global	_EEADRL
   349+                          	global	_EEADRL
   350+ 0000                     	_EEADRL	set	0x10D
   351+                          
   352+                          	global	_EECON1
   353+                          	global	_EECON1
   354+ 0000                     	_EECON1	set	0x18C
   355+                          
   356+                          	global	_EECON2
   357+                          	global	_EECON2
   358+ 0000                     	_EECON2	set	0x18D
   359                           
   360                           	global	_EEDATA
   361                           	global	_EEDATA
   362  0000                     	_EEDATA	set	0x10C
   363+                          
   364+                          	global	_EEDATH
   365+                          	global	_EEDATH
   366+ 0000                     	_EEDATH	set	0x10E
   367+                          
   368+                          	global	_FSR
   369+                          	global	_FSR
   370+ 0000                     	_FSR	set	0x4
   371+                          
   372+                          	global	_INDF
   373+                          	global	_INDF
   374+ 0000                     	_INDF	set	0x0
   375+                          
   376+                          	global	_INTCON
   377+                          	global	_INTCON
   378+ 0000                     	_INTCON	set	0xB
   379+                          
   380+                          	global	_OPTION
   381+                          	global	_OPTION
   382+ 0000                     	_OPTION	set	0x81
   383+                          
   384+                          	global	_PCL
   385+                          	global	_PCL
   386+ 0000                     	_PCL	set	0x2
   387                           
   388                           	global	_PCLATH
   389                           	global	_PCLATH
   390  0000                     	_PCLATH	set	0xA
   391+                          
   392+                          	global	_PCON
   393+                          	global	_PCON
   394+ 0000                     	_PCON	set	0x8E
   395+                          
   396+                          	global	_PIE1
   397+                          	global	_PIE1
   398+ 0000                     	_PIE1	set	0x8C
   399+                          
   400+                          	global	_PIE2
   401+                          	global	_PIE2
   402+ 0000                     	_PIE2	set	0x8D
   403+                          
   404+                          	global	_PIR1
   405+                          	global	_PIR1
   406+ 0000                     	_PIR1	set	0xC
   407+                          
   408+                          	global	_PIR2
   409+                          	global	_PIR2
   410+ 0000                     	_PIR2	set	0xD
   411+                          
   412+                          	global	_PORTA
   413+                          	global	_PORTA
   414+ 0000                     	_PORTA	set	0x5
   415                           
   416                           	global	_PORTB
   417                           	global	_PORTB
   418  0000                     	_PORTB	set	0x6
   419+                          
   420+                          	global	_PORTC
   421+                          	global	_PORTC
   422+ 0000                     	_PORTC	set	0x7
   423+                          
   424+                          	global	_PORTD
   425+                          	global	_PORTD
   426+ 0000                     	_PORTD	set	0x8
   427+                          
   428+                          	global	_PORTE
   429+                          	global	_PORTE
   430+ 0000                     	_PORTE	set	0x9
   431+                          
   432+                          	global	_PR2
   433+                          	global	_PR2
   434+ 0000                     	_PR2	set	0x92
   435+                          
   436+                          	global	_RCREG
   437+                          	global	_RCREG
   438+ 0000                     	_RCREG	set	0x1A
   439+                          
   440+                          	global	_RCSTA
   441+                          	global	_RCSTA
   442+ 0000                     	_RCSTA	set	0x18
   443                           
   444                           	global	_SPBRG
   445                           	global	_SPBRG
   446  0000                     	_SPBRG	set	0x99
   447+                          
   448+                          	global	_SSPADD
   449+                          	global	_SSPADD
   450+ 0000                     	_SSPADD	set	0x93
   451+                          
   452+                          	global	_SSPBUF
   453+                          	global	_SSPBUF
   454+ 0000                     	_SSPBUF	set	0x13
   455+                          
   456+                          	global	_SSPCON
   457+                          	global	_SSPCON
   458+ 0000                     	_SSPCON	set	0x14
   459                           
   460                           	global	_SSPCON2
   461                           	global	_SSPCON2
   462  0000                     	_SSPCON2	set	0x91
   463+                          
   464+                          	global	_SSPSTAT
   465+                          	global	_SSPSTAT
   466+ 0000                     	_SSPSTAT	set	0x94
   467+                          
   468+                          	global	_STATUS
   469+                          	global	_STATUS
   470+ 0000                     	_STATUS	set	0x3
   471                           
   472                           	global	_T1CON
   473                           	global	_T1CON
   474  0000                     	_T1CON	set	0x10
   475+                          
   476+                          	global	_T2CON
   477+                          	global	_T2CON
   478+ 0000                     	_T2CON	set	0x12
   479+                          
   480+                          	global	_TMR0
   481+                          	global	_TMR0
   482+ 0000                     	_TMR0	set	0x1
   483+                          
   484+                          	global	_TMR1H
   485+                          	global	_TMR1H
   486+ 0000                     	_TMR1H	set	0xF
   487+                          
   488+                          	global	_TMR1L
   489+                          	global	_TMR1L
   490+ 0000                     	_TMR1L	set	0xE
   491+                          
   492+                          	global	_TMR2
   493+                          	global	_TMR2
   494+ 0000                     	_TMR2	set	0x11
   495+                          
   496+                          	global	_TRISA
   497+                          	global	_TRISA
   498+ 0000                     	_TRISA	set	0x85
   499                           
   500                           	global	_TRISB
   501  0000                     	_TRISB	set	0x86
   502+                          
   503+                          	global	_TRISC
   504+                          	global	_TRISC
   505+ 0000                     	_TRISC	set	0x87
   506+                          
   507+                          	global	_TRISD
   508+                          	global	_TRISD
   509+ 0000                     	_TRISD	set	0x88
   510+                          
   511+                          	global	_TRISE
   512+                          	global	_TRISE
   513+ 0000                     	_TRISE	set	0x89
   514                           
   515                           	global	_TXREG
   516                           	global	_TXREG
   517  0000                     	_TXREG	set	0x19
   518+                          
   519+                          	global	_TXSTA
   520+                          	global	_TXSTA
   521+ 0000                     	_TXSTA	set	0x98
   522+                          
   523+                          	global	_ACKDT
   524+                          	global	_ACKDT
   525+ 0000                     	_ACKDT	set	0x48D	;byte address: 0x91
   526                           
   527                           	global	_ACKEN
   528                           	global	_ACKEN
   529  0000                     	_ACKEN	set	0x48C	;byte address: 0x91
   530+                          
   531+                          	global	_ACKSTAT
   532+                          	global	_ACKSTAT
   533+ 0000                     	_ACKSTAT	set	0x48E	;byte address: 0x91
   534+                          
   535+                          	global	_ADCS0
   536+                          	global	_ADCS0
   537+ 0000                     	_ADCS0	set	0xFE	;byte address: 0x1F
   538+                          
   539+                          	global	_ADCS1
   540+                          	global	_ADCS1
   541+ 0000                     	_ADCS1	set	0xFF	;byte address: 0x1F
   542+                          
   543+                          	global	_ADCS2
   544+                          	global	_ADCS2
   545+ 0000                     	_ADCS2	set	0x4FE	;byte address: 0x9F
   546+                          
   547+                          	global	_ADDEN
   548+                          	global	_ADDEN
   549+ 0000                     	_ADDEN	set	0xC3	;byte address: 0x18
   550+                          
   551+                          	global	_ADFM
   552+                          	global	_ADFM
   553+ 0000                     	_ADFM	set	0x4FF	;byte address: 0x9F
   554+                          
   555+                          	global	_ADGO
   556+                          	global	_ADGO
   557+ 0000                     	_ADGO	set	0xFA	;byte address: 0x1F
   558+                          
   559+                          	global	_ADIE
   560+                          	global	_ADIE
   561+ 0000                     	_ADIE	set	0x466	;byte address: 0x8C
   562+                          
   563+                          	global	_ADIF
   564+                          	global	_ADIF
   565+ 0000                     	_ADIF	set	0x66	;byte address: 0xC
   566+                          
   567+                          	global	_ADON
   568+                          	global	_ADON
   569+ 0000                     	_ADON	set	0xF8	;byte address: 0x1F
   570+                          
   571+                          	global	_BCLIE
   572+                          	global	_BCLIE
   573+ 0000                     	_BCLIE	set	0x46B	;byte address: 0x8D
   574+                          
   575+                          	global	_BCLIF
   576+                          	global	_BCLIF
   577+ 0000                     	_BCLIF	set	0x6B	;byte address: 0xD
   578+                          
   579+                          	global	_BF
   580+                          	global	_BF
   581+ 0000                     	_BF	set	0x4A0	;byte address: 0x94
   582+                          
   583+                          	global	_BOR
   584+                          	global	_BOR
   585+ 0000                     	_BOR	set	0x470	;byte address: 0x8E
   586+                          
   587+                          	global	_BRGH
   588+                          	global	_BRGH
   589+ 0000                     	_BRGH	set	0x4C2	;byte address: 0x98
   590+                          
   591+                          	global	_C1INV
   592+                          	global	_C1INV
   593+ 0000                     	_C1INV	set	0x4E4	;byte address: 0x9C
   594+                          
   595+                          	global	_C1OUT
   596+                          	global	_C1OUT
   597+ 0000                     	_C1OUT	set	0x4E6	;byte address: 0x9C
   598+                          
   599+                          	global	_C2INV
   600+                          	global	_C2INV
   601+ 0000                     	_C2INV	set	0x4E5	;byte address: 0x9C
   602+                          
   603+                          	global	_C2OUT
   604+                          	global	_C2OUT
   605+ 0000                     	_C2OUT	set	0x4E7	;byte address: 0x9C
   606+                          
   607+                          	global	_CARRY
   608+                          	global	_CARRY
   609+ 0000                     	_CARRY	set	0x18	;byte address: 0x3
   610                           
   611                           	global	_CCP1IE
   612                           	global	_CCP1IE
   613  0000                     	_CCP1IE	set	0x462	;byte address: 0x8C
   614+                          
   615+                          	global	_CCP1IF
   616+                          	global	_CCP1IF
   617+ 0000                     	_CCP1IF	set	0x62	;byte address: 0xC
   618+                          
   619+                          	global	_CCP1M0
   620+                          	global	_CCP1M0
   621+ 0000                     	_CCP1M0	set	0xB8	;byte address: 0x17
   622+                          
   623+                          	global	_CCP1M1
   624+                          	global	_CCP1M1
   625+ 0000                     	_CCP1M1	set	0xB9	;byte address: 0x17
   626+                          
   627+                          	global	_CCP1M2
   628+                          	global	_CCP1M2
   629+ 0000                     	_CCP1M2	set	0xBA	;byte address: 0x17
   630+                          
   631+                          	global	_CCP1M3
   632+                          	global	_CCP1M3
   633+ 0000                     	_CCP1M3	set	0xBB	;byte address: 0x17
   634+                          
   635+                          	global	_CCP1X
   636+                          	global	_CCP1X
   637+ 0000                     	_CCP1X	set	0xBD	;byte address: 0x17
   638+                          
   639+                          	global	_CCP1Y
   640+                          	global	_CCP1Y
   641+ 0000                     	_CCP1Y	set	0xBC	;byte address: 0x17
   642+                          
   643+                          	global	_CCP2IE
   644+                          	global	_CCP2IE
   645+ 0000                     	_CCP2IE	set	0x468	;byte address: 0x8D
   646+                          
   647+                          	global	_CCP2IF
   648+                          	global	_CCP2IF
   649+ 0000                     	_CCP2IF	set	0x68	;byte address: 0xD
   650+                          
   651+                          	global	_CCP2M0
   652+                          	global	_CCP2M0
   653+ 0000                     	_CCP2M0	set	0xE8	;byte address: 0x1D
   654+                          
   655+                          	global	_CCP2M1
   656+                          	global	_CCP2M1
   657+ 0000                     	_CCP2M1	set	0xE9	;byte address: 0x1D
   658+                          
   659+                          	global	_CCP2M2
   660+                          	global	_CCP2M2
   661+ 0000                     	_CCP2M2	set	0xEA	;byte address: 0x1D
   662+                          
   663+                          	global	_CCP2M3
   664+                          	global	_CCP2M3
   665+ 0000                     	_CCP2M3	set	0xEB	;byte address: 0x1D
   666+                          
   667+                          	global	_CCP2X
   668+                          	global	_CCP2X
   669+ 0000                     	_CCP2X	set	0xED	;byte address: 0x1D
   670+                          
   671+                          	global	_CCP2Y
   672+                          	global	_CCP2Y
   673+ 0000                     	_CCP2Y	set	0xEC	;byte address: 0x1D
   674+                          
   675+                          	global	_CHS0
   676+                          	global	_CHS0
   677+ 0000                     	_CHS0	set	0xFB	;byte address: 0x1F
   678+                          
   679+                          	global	_CHS1
   680+                          	global	_CHS1
   681+ 0000                     	_CHS1	set	0xFC	;byte address: 0x1F
   682+                          
   683+                          	global	_CHS2
   684+                          	global	_CHS2
   685+ 0000                     	_CHS2	set	0xFD	;byte address: 0x1F
   686+                          
   687+                          	global	_CIS
   688+                          	global	_CIS
   689+ 0000                     	_CIS	set	0x4E3	;byte address: 0x9C
   690+                          
   691+                          	global	_CKE
   692+                          	global	_CKE
   693+ 0000                     	_CKE	set	0x4A6	;byte address: 0x94
   694                           
   695                           	global	_CKP
   696                           	global	_CKP
   697  0000                     	_CKP	set	0xA4	;byte address: 0x14
   698+                          
   699+                          	global	_CM0
   700+                          	global	_CM0
   701+ 0000                     	_CM0	set	0x4E0	;byte address: 0x9C
   702+                          
   703+                          	global	_CM1
   704+                          	global	_CM1
   705+ 0000                     	_CM1	set	0x4E1	;byte address: 0x9C
   706+                          
   707+                          	global	_CM2
   708+                          	global	_CM2
   709+ 0000                     	_CM2	set	0x4E2	;byte address: 0x9C
   710+                          
   711+                          	global	_CMIE
   712+                          	global	_CMIE
   713+ 0000                     	_CMIE	set	0x46E	;byte address: 0x8D
   714+                          
   715+                          	global	_CMIF
   716+                          	global	_CMIF
   717+ 0000                     	_CMIF	set	0x6E	;byte address: 0xD
   718+                          
   719+                          	global	_CREN
   720+                          	global	_CREN
   721+ 0000                     	_CREN	set	0xC4	;byte address: 0x18
   722+                          
   723+                          	global	_CSRC
   724+                          	global	_CSRC
   725+ 0000                     	_CSRC	set	0x4C7	;byte address: 0x98
   726+                          
   727+                          	global	_CVR0
   728+                          	global	_CVR0
   729+ 0000                     	_CVR0	set	0x4E8	;byte address: 0x9D
   730+                          
   731+                          	global	_CVR1
   732+                          	global	_CVR1
   733+ 0000                     	_CVR1	set	0x4E9	;byte address: 0x9D
   734+                          
   735+                          	global	_CVR2
   736+                          	global	_CVR2
   737+ 0000                     	_CVR2	set	0x4EA	;byte address: 0x9D
   738+                          
   739+                          	global	_CVR3
   740+                          	global	_CVR3
   741+ 0000                     	_CVR3	set	0x4EB	;byte address: 0x9D
   742+                          
   743+                          	global	_CVREN
   744+                          	global	_CVREN
   745+ 0000                     	_CVREN	set	0x4EF	;byte address: 0x9D
   746+                          
   747+                          	global	_CVROE
   748+                          	global	_CVROE
   749+ 0000                     	_CVROE	set	0x4EE	;byte address: 0x9D
   750+                          
   751+                          	global	_CVRR
   752+                          	global	_CVRR
   753+ 0000                     	_CVRR	set	0x4ED	;byte address: 0x9D
   754+                          
   755+                          	global	_DA
   756+                          	global	_DA
   757+ 0000                     	_DA	set	0x4A5	;byte address: 0x94
   758+                          
   759+                          	global	_DC
   760+                          	global	_DC
   761+ 0000                     	_DC	set	0x19	;byte address: 0x3
   762+                          
   763+                          	global	_EEIE
   764+                          	global	_EEIE
   765+ 0000                     	_EEIE	set	0x46C	;byte address: 0x8D
   766+                          
   767+                          	global	_EEIF
   768+                          	global	_EEIF
   769+ 0000                     	_EEIF	set	0x6C	;byte address: 0xD
   770+                          
   771+                          	global	_EEPGD
   772+                          	global	_EEPGD
   773+ 0000                     	_EEPGD	set	0xC67	;byte address: 0x18C
   774+                          
   775+                          	global	_FERR
   776+                          	global	_FERR
   777+ 0000                     	_FERR	set	0xC2	;byte address: 0x18
   778+                          
   779+                          	global	_GCEN
   780+                          	global	_GCEN
   781+ 0000                     	_GCEN	set	0x48F	;byte address: 0x91
   782+                          
   783+                          	global	_GIE
   784+                          	global	_GIE
   785+ 0000                     	_GIE	set	0x5F	;byte address: 0xB
   786+                          
   787+                          	global	_GODONE
   788+                          	global	_GODONE
   789+ 0000                     	_GODONE	set	0xFA	;byte address: 0x1F
   790+                          
   791+                          	global	_IBF
   792+                          	global	_IBF
   793+ 0000                     	_IBF	set	0x44F	;byte address: 0x89
   794+                          
   795+                          	global	_IBOV
   796+                          	global	_IBOV
   797+ 0000                     	_IBOV	set	0x44D	;byte address: 0x89
   798+                          
   799+                          	global	_INTE
   800+                          	global	_INTE
   801+ 0000                     	_INTE	set	0x5C	;byte address: 0xB
   802+                          
   803+                          	global	_INTEDG
   804+                          	global	_INTEDG
   805+ 0000                     	_INTEDG	set	0x40E	;byte address: 0x81
   806+                          
   807+                          	global	_INTF
   808+                          	global	_INTF
   809+ 0000                     	_INTF	set	0x59	;byte address: 0xB
   810+                          
   811+                          	global	_IRP
   812+                          	global	_IRP
   813+ 0000                     	_IRP	set	0x1F	;byte address: 0x3
   814+                          
   815+                          	global	_OBF
   816+                          	global	_OBF
   817+ 0000                     	_OBF	set	0x44E	;byte address: 0x89
   818+                          
   819+                          	global	_OERR
   820+                          	global	_OERR
   821+ 0000                     	_OERR	set	0xC1	;byte address: 0x18
   822+                          
   823+                          	global	_PCFG0
   824+                          	global	_PCFG0
   825+ 0000                     	_PCFG0	set	0x4F8	;byte address: 0x9F
   826+                          
   827+                          	global	_PCFG1
   828+                          	global	_PCFG1
   829+ 0000                     	_PCFG1	set	0x4F9	;byte address: 0x9F
   830+                          
   831+                          	global	_PCFG2
   832+                          	global	_PCFG2
   833+ 0000                     	_PCFG2	set	0x4FA	;byte address: 0x9F
   834+                          
   835+                          	global	_PCFG3
   836+                          	global	_PCFG3
   837+ 0000                     	_PCFG3	set	0x4FB	;byte address: 0x9F
   838+                          
   839+                          	global	_PD
   840+                          	global	_PD
   841+ 0000                     	_PD	set	0x1B	;byte address: 0x3
   842+                          
   843+                          	global	_PEIE
   844+                          	global	_PEIE
   845+ 0000                     	_PEIE	set	0x5E	;byte address: 0xB
   846+                          
   847+                          	global	_PEN
   848+                          	global	_PEN
   849+ 0000                     	_PEN	set	0x48A	;byte address: 0x91
   850+                          
   851+                          	global	_POR
   852+                          	global	_POR
   853+ 0000                     	_POR	set	0x471	;byte address: 0x8E
   854                           
   855                           	global	_PS0
   856                           	global	_PS0
   857  0000                     	_PS0	set	0x408	;byte address: 0x81
   858                           
   859                           	global	_PS1
   860                           	global	_PS1
   861  0000                     	_PS1	set	0x409	;byte address: 0x81
   862                           
   863                           	global	_PS2
   864                           	global	_PS2
   865  0000                     	_PS2	set	0x40A	;byte address: 0x81
   866                           
   867                           	global	_PSA
   868                           	global	_PSA
   869  0000                     	_PSA	set	0x40B	;byte address: 0x81
   870                           
   871                           	global	_PSPIE
   872                           	global	_PSPIE
   873  0000                     	_PSPIE	set	0x467	;byte address: 0x8C
   874                           
   875                           	global	_PSPIF
   876                           	global	_PSPIF
   877  0000                     	_PSPIF	set	0x67	;byte address: 0xC
   878                           
   879                           	global	_PSPMODE
   880                           	global	_PSPMODE
   881  0000                     	_PSPMODE	set	0x44C	;byte address: 0x89
   882                           
   883                           	global	_RA0
   884                           	global	_RA0
   885  0000                     	_RA0	set	0x28	;byte address: 0x5
   886                           
   887                           	global	_RA1
   888                           	global	_RA1
   889  0000                     	_RA1	set	0x29	;byte address: 0x5
   890                           
   891                           	global	_RA2
   892                           	global	_RA2
   893  0000                     	_RA2	set	0x2A	;byte address: 0x5
   894                           
   895                           	global	_RA3
   896                           	global	_RA3
   897  0000                     	_RA3	set	0x2B	;byte address: 0x5
   898                           
   899                           	global	_RA4
   900                           	global	_RA4
   901  0000                     	_RA4	set	0x2C	;byte address: 0x5
   902                           
   903                           	global	_RA5
   904                           	global	_RA5
   905  0000                     	_RA5	set	0x2D	;byte address: 0x5
   906                           
   907                           	global	_RB0
   908                           	global	_RB0
   909  0000                     	_RB0	set	0x30	;byte address: 0x6
   910                           
   911                           	global	_RB1
   912  0000                     	_RB1	set	0x31	;byte address: 0x6
   913                           
   914                           	global	_RB2
   915                           	global	_RB2
   916  0000                     	_RB2	set	0x32	;byte address: 0x6
   917                           
   918                           	global	_RB3
   919                           	global	_RB3
   920  0000                     	_RB3	set	0x33	;byte address: 0x6
   921                           
   922                           	global	_RB4
   923                           	global	_RB4
   924  0000                     	_RB4	set	0x34	;byte address: 0x6
   925                           
   926                           	global	_RB5
   927                           	global	_RB5
   928  0000                     	_RB5	set	0x35	;byte address: 0x6
   929                           
   930                           	global	_RB6
   931                           	global	_RB6
   932  0000                     	_RB6	set	0x36	;byte address: 0x6
   933                           
   934                           	global	_RB7
   935                           	global	_RB7
   936  0000                     	_RB7	set	0x37	;byte address: 0x6
   937                           
   938                           	global	_RBIE
   939                           	global	_RBIE
   940  0000                     	_RBIE	set	0x5B	;byte address: 0xB
   941                           
   942                           	global	_RBIF
   943                           	global	_RBIF
   944  0000                     	_RBIF	set	0x58	;byte address: 0xB
   945                           
   946                           	global	_RBPU
   947  0000                     	_RBPU	set	0x40F	;byte address: 0x81
   948                           
   949                           	global	_RC0
   950                           	global	_RC0
   951  0000                     	_RC0	set	0x38	;byte address: 0x7
   952                           
   953                           	global	_RC1
   954                           	global	_RC1
   955  0000                     	_RC1	set	0x39	;byte address: 0x7
   956                           
   957                           	global	_RC2
   958                           	global	_RC2
   959  0000                     	_RC2	set	0x3A	;byte address: 0x7
   960                           
   961                           	global	_RC3
   962                           	global	_RC3
   963  0000                     	_RC3	set	0x3B	;byte address: 0x7
   964                           
   965                           	global	_RC4
   966                           	global	_RC4
   967  0000                     	_RC4	set	0x3C	;byte address: 0x7
   968                           
   969                           	global	_RC5
   970                           	global	_RC5
   971  0000                     	_RC5	set	0x3D	;byte address: 0x7
   972                           
   973                           	global	_RC6
   974                           	global	_RC6
   975  0000                     	_RC6	set	0x3E	;byte address: 0x7
   976                           
   977                           	global	_RC7
   978                           	global	_RC7
   979  0000                     	_RC7	set	0x3F	;byte address: 0x7
   980                           
   981                           	global	_RCEN
   982                           	global	_RCEN
   983  0000                     	_RCEN	set	0x48B	;byte address: 0x91
   984                           
   985                           	global	_RCIE
   986                           	global	_RCIE
   987  0000                     	_RCIE	set	0x465	;byte address: 0x8C
   988                           
   989                           	global	_RCIF
   990                           	global	_RCIF
   991  0000                     	_RCIF	set	0x65	;byte address: 0xC
   992                           
   993                           	global	_RD
   994                           	global	_RD
   995  0000                     	_RD	set	0xC60	;byte address: 0x18C
   996                           
   997                           	global	_RD0
   998                           	global	_RD0
   999  0000                     	_RD0	set	0x40	;byte address: 0x8
  1000                           
  1001                           	global	_RD1
  1002                           	global	_RD1
  1003  0000                     	_RD1	set	0x41	;byte address: 0x8
  1004                           
  1005                           	global	_RD2
  1006                           	global	_RD2
  1007  0000                     	_RD2	set	0x42	;byte address: 0x8
  1008                           
  1009                           	global	_RD3
  1010                           	global	_RD3
  1011  0000                     	_RD3	set	0x43	;byte address: 0x8
  1012                           
  1013                           	global	_RD4
  1014                           	global	_RD4
  1015  0000                     	_RD4	set	0x44	;byte address: 0x8
  1016                           
  1017                           	global	_RD5
  1018                           	global	_RD5
  1019  0000                     	_RD5	set	0x45	;byte address: 0x8
  1020                           
  1021                           	global	_RD6
  1022                           	global	_RD6
  1023  0000                     	_RD6	set	0x46	;byte address: 0x8
  1024                           
  1025                           	global	_RD7
  1026                           	global	_RD7
  1027  0000                     	_RD7	set	0x47	;byte address: 0x8
  1028                           
  1029                           	global	_RE0
  1030                           	global	_RE0
  1031  0000                     	_RE0	set	0x48	;byte address: 0x9
  1032                           
  1033                           	global	_RE1
  1034                           	global	_RE1
  1035  0000                     	_RE1	set	0x49	;byte address: 0x9
  1036                           
  1037                           	global	_RE2
  1038                           	global	_RE2
  1039  0000                     	_RE2	set	0x4A	;byte address: 0x9
  1040                           
  1041                           	global	_RP0
  1042                           	global	_RP0
  1043  0000                     	_RP0	set	0x1D	;byte address: 0x3
  1044                           
  1045                           	global	_RP1
  1046                           	global	_RP1
  1047  0000                     	_RP1	set	0x1E	;byte address: 0x3
  1048                           
  1049                           	global	_RSEN
  1050                           	global	_RSEN
  1051  0000                     	_RSEN	set	0x489	;byte address: 0x91
  1052                           
  1053                           	global	_RW
  1054                           	global	_RW
  1055  0000                     	_RW	set	0x4A2	;byte address: 0x94
  1056                           
  1057                           	global	_RX9
  1058                           	global	_RX9
  1059  0000                     	_RX9	set	0xC6	;byte address: 0x18
  1060                           
  1061                           	global	_RX9D
  1062                           	global	_RX9D
  1063  0000                     	_RX9D	set	0xC0	;byte address: 0x18
  1064                           
  1065                           	global	_SEN
  1066                           	global	_SEN
  1067  0000                     	_SEN	set	0x488	;byte address: 0x91
  1068                           
  1069                           	global	_SMP
  1070                           	global	_SMP
  1071  0000                     	_SMP	set	0x4A7	;byte address: 0x94
  1072                           
  1073                           	global	_SPEN
  1074                           	global	_SPEN
  1075  0000                     	_SPEN	set	0xC7	;byte address: 0x18
  1076                           
  1077                           	global	_SREN
  1078                           	global	_SREN
  1079  0000                     	_SREN	set	0xC5	;byte address: 0x18
  1080                           
  1081                           	global	_SSPEN
  1082                           	global	_SSPEN
  1083  0000                     	_SSPEN	set	0xA5	;byte address: 0x14
  1084                           
  1085                           	global	_SSPIE
  1086                           	global	_SSPIE
  1087  0000                     	_SSPIE	set	0x463	;byte address: 0x8C
  1088                           
  1089                           	global	_SSPIF
  1090                           	global	_SSPIF
  1091  0000                     	_SSPIF	set	0x63	;byte address: 0xC
  1092                           
  1093                           	global	_SSPM0
  1094                           	global	_SSPM0
  1095  0000                     	_SSPM0	set	0xA0	;byte address: 0x14
  1096                           
  1097                           	global	_SSPM1
  1098                           	global	_SSPM1
  1099  0000                     	_SSPM1	set	0xA1	;byte address: 0x14
  1100                           
  1101                           	global	_SSPM2
  1102                           	global	_SSPM2
  1103  0000                     	_SSPM2	set	0xA2	;byte address: 0x14
  1104                           
  1105                           	global	_SSPM3
  1106                           	global	_SSPM3
  1107  0000                     	_SSPM3	set	0xA3	;byte address: 0x14
  1108                           
  1109                           	global	_SSPOV
  1110                           	global	_SSPOV
  1111  0000                     	_SSPOV	set	0xA6	;byte address: 0x14
  1112                           
  1113                           	global	_START
  1114                           	global	_START
  1115  0000                     	_START	set	0x4A3	;byte address: 0x94
  1116                           
  1117                           	global	_STOP
  1118                           	global	_STOP
  1119  0000                     	_STOP	set	0x4A4	;byte address: 0x94
  1120                           
  1121                           	global	_SYNC
  1122                           	global	_SYNC
  1123  0000                     	_SYNC	set	0x4C4	;byte address: 0x98
  1124                           
  1125                           	global	_T0CS
  1126                           	global	_T0CS
  1127  0000                     	_T0CS	set	0x40D	;byte address: 0x81
  1128                           
  1129                           	global	_T0IE
  1130                           	global	_T0IE
  1131  0000                     	_T0IE	set	0x5D	;byte address: 0xB
  1132                           
  1133                           	global	_T0IF
  1134                           	global	_T0IF
  1135  0000                     	_T0IF	set	0x5A	;byte address: 0xB
  1136                           
  1137                           	global	_T0SE
  1138                           	global	_T0SE
  1139  0000                     	_T0SE	set	0x40C	;byte address: 0x81
  1140                           
  1141                           	global	_T1CKPS0
  1142                           	global	_T1CKPS0
  1143  0000                     	_T1CKPS0	set	0x84	;byte address: 0x10
  1144                           
  1145                           	global	_T1CKPS1
  1146                           	global	_T1CKPS1
  1147  0000                     	_T1CKPS1	set	0x85	;byte address: 0x10
  1148                           
  1149                           	global	_T1OSCEN
  1150                           	global	_T1OSCEN
  1151  0000                     	_T1OSCEN	set	0x83	;byte address: 0x10
  1152                           
  1153                           	global	_T1SYNC
  1154                           	global	_T1SYNC
  1155  0000                     	_T1SYNC	set	0x82	;byte address: 0x10
  1156                           
  1157                           	global	_T2CKPS0
  1158                           	global	_T2CKPS0
  1159  0000                     	_T2CKPS0	set	0x90	;byte address: 0x12
  1160                           
  1161                           	global	_T2CKPS1
  1162                           	global	_T2CKPS1
  1163  0000                     	_T2CKPS1	set	0x91	;byte address: 0x12
  1164                           
  1165                           	global	_TMR0IE
  1166                           	global	_TMR0IE
  1167  0000                     	_TMR0IE	set	0x5D	;byte address: 0xB
  1168                           
  1169                           	global	_TMR0IF
  1170                           	global	_TMR0IF
  1171  0000                     	_TMR0IF	set	0x5A	;byte address: 0xB
  1172                           
  1173                           	global	_TMR1CS
  1174                           	global	_TMR1CS
  1175  0000                     	_TMR1CS	set	0x81	;byte address: 0x10
  1176                           
  1177                           	global	_TMR1IE
  1178                           	global	_TMR1IE
  1179  0000                     	_TMR1IE	set	0x460	;byte address: 0x8C
  1180                           
  1181                           	global	_TMR1IF
  1182                           	global	_TMR1IF
  1183  0000                     	_TMR1IF	set	0x60	;byte address: 0xC
  1184                           
  1185                           	global	_TMR1ON
  1186                           	global	_TMR1ON
  1187  0000                     	_TMR1ON	set	0x80	;byte address: 0x10
  1188                           
  1189                           	global	_TMR2IE
  1190                           	global	_TMR2IE
  1191  0000                     	_TMR2IE	set	0x461	;byte address: 0x8C
  1192                           
  1193                           	global	_TMR2IF
  1194                           	global	_TMR2IF
  1195  0000                     	_TMR2IF	set	0x61	;byte address: 0xC
  1196                           
  1197                           	global	_TMR2ON
  1198                           	global	_TMR2ON
  1199  0000                     	_TMR2ON	set	0x92	;byte address: 0x12
  1200                           
  1201                           	global	_TO
  1202                           	global	_TO
  1203  0000                     	_TO	set	0x1C	;byte address: 0x3
  1204                           
  1205                           	global	_TOUTPS0
  1206                           	global	_TOUTPS0
  1207  0000                     	_TOUTPS0	set	0x93	;byte address: 0x12
  1208                           
  1209                           	global	_TOUTPS1
  1210                           	global	_TOUTPS1
  1211  0000                     	_TOUTPS1	set	0x94	;byte address: 0x12
  1212                           
  1213                           	global	_TOUTPS2
  1214                           	global	_TOUTPS2
  1215  0000                     	_TOUTPS2	set	0x95	;byte address: 0x12
  1216                           
  1217                           	global	_TOUTPS3
  1218                           	global	_TOUTPS3
  1219  0000                     	_TOUTPS3	set	0x96	;byte address: 0x12
  1220                           
  1221                           	global	_TRISA0
  1222                           	global	_TRISA0
  1223  0000                     	_TRISA0	set	0x428	;byte address: 0x85
  1224                           
  1225                           	global	_TRISA1
  1226                           	global	_TRISA1
  1227  0000                     	_TRISA1	set	0x429	;byte address: 0x85
  1228                           
  1229                           	global	_TRISA2
  1230                           	global	_TRISA2
  1231  0000                     	_TRISA2	set	0x42A	;byte address: 0x85
  1232                           
  1233                           	global	_TRISA3
  1234                           	global	_TRISA3
  1235  0000                     	_TRISA3	set	0x42B	;byte address: 0x85
  1236                           
  1237                           	global	_TRISA4
  1238                           	global	_TRISA4
  1239  0000                     	_TRISA4	set	0x42C	;byte address: 0x85
  1240                           
  1241                           	global	_TRISA5
  1242                           	global	_TRISA5
  1243  0000                     	_TRISA5	set	0x42D	;byte address: 0x85
  1244                           
  1245                           	global	_TRISB0
  1246                           	global	_TRISB0
  1247  0000                     	_TRISB0	set	0x430	;byte address: 0x86
  1248                           
  1249                           	global	_TRISB1
  1250                           	global	_TRISB1
  1251  0000                     	_TRISB1	set	0x431	;byte address: 0x86
  1252                           
  1253                           	global	_TRISB2
  1254                           	global	_TRISB2
  1255  0000                     	_TRISB2	set	0x432	;byte address: 0x86
  1256                           
  1257                           	global	_TRISB3
  1258                           	global	_TRISB3
  1259  0000                     	_TRISB3	set	0x433	;byte address: 0x86
  1260                           
  1261                           	global	_TRISB4
  1262                           	global	_TRISB4
  1263  0000                     	_TRISB4	set	0x434	;byte address: 0x86
  1264                           
  1265                           	global	_TRISB5
  1266                           	global	_TRISB5
  1267  0000                     	_TRISB5	set	0x435	;byte address: 0x86
  1268                           
  1269                           	global	_TRISB6
  1270                           	global	_TRISB6
  1271  0000                     	_TRISB6	set	0x436	;byte address: 0x86
  1272                           
  1273                           	global	_TRISB7
  1274                           	global	_TRISB7
  1275  0000                     	_TRISB7	set	0x437	;byte address: 0x86
  1276                           
  1277                           	global	_TRISC0
  1278                           	global	_TRISC0
  1279  0000                     	_TRISC0	set	0x438	;byte address: 0x87
  1280                           
  1281                           	global	_TRISC1
  1282                           	global	_TRISC1
  1283  0000                     	_TRISC1	set	0x439	;byte address: 0x87
  1284                           
  1285                           	global	_TRISC2
  1286                           	global	_TRISC2
  1287  0000                     	_TRISC2	set	0x43A	;byte address: 0x87
  1288                           
  1289                           	global	_TRISC3
  1290                           	global	_TRISC3
  1291  0000                     	_TRISC3	set	0x43B	;byte address: 0x87
  1292                           
  1293                           	global	_TRISC4
  1294                           	global	_TRISC4
  1295  0000                     	_TRISC4	set	0x43C	;byte address: 0x87
  1296                           
  1297                           	global	_TRISC5
  1298                           	global	_TRISC5
  1299  0000                     	_TRISC5	set	0x43D	;byte address: 0x87
  1300                           
  1301                           	global	_TRISC6
  1302                           	global	_TRISC6
  1303  0000                     	_TRISC6	set	0x43E	;byte address: 0x87
  1304                           
  1305                           	global	_TRISC7
  1306                           	global	_TRISC7
  1307  0000                     	_TRISC7	set	0x43F	;byte address: 0x87
  1308                           
  1309                           	global	_TRISD0
  1310                           	global	_TRISD0
  1311  0000                     	_TRISD0	set	0x440	;byte address: 0x88
  1312                           
  1313                           	global	_TRISD1
  1314                           	global	_TRISD1
  1315  0000                     	_TRISD1	set	0x441	;byte address: 0x88
  1316                           
  1317                           	global	_TRISD2
  1318                           	global	_TRISD2
  1319  0000                     	_TRISD2	set	0x442	;byte address: 0x88
  1320                           
  1321                           	global	_TRISD3
  1322                           	global	_TRISD3
  1323  0000                     	_TRISD3	set	0x443	;byte address: 0x88
  1324                           
  1325                           	global	_TRISD4
  1326                           	global	_TRISD4
  1327  0000                     	_TRISD4	set	0x444	;byte address: 0x88
  1328                           
  1329                           	global	_TRISD5
  1330                           	global	_TRISD5
  1331  0000                     	_TRISD5	set	0x445	;byte address: 0x88
  1332                           
  1333                           	global	_TRISD6
  1334                           	global	_TRISD6
  1335  0000                     	_TRISD6	set	0x446	;byte address: 0x88
  1336                           
  1337                           	global	_TRISD7
  1338                           	global	_TRISD7
  1339  0000                     	_TRISD7	set	0x447	;byte address: 0x88
  1340                           
  1341                           	global	_TRISE0
  1342                           	global	_TRISE0
  1343  0000                     	_TRISE0	set	0x448	;byte address: 0x89
  1344                           
  1345                           	global	_TRISE1
  1346                           	global	_TRISE1
  1347  0000                     	_TRISE1	set	0x449	;byte address: 0x89
  1348                           
  1349                           	global	_TRISE2
  1350                           	global	_TRISE2
  1351  0000                     	_TRISE2	set	0x44A	;byte address: 0x89
  1352                           
  1353                           	global	_TRMT
  1354                           	global	_TRMT
  1355  0000                     	_TRMT	set	0x4C1	;byte address: 0x98
  1356                           
  1357                           	global	_TX9
  1358                           	global	_TX9
  1359  0000                     	_TX9	set	0x4C6	;byte address: 0x98
  1360                           
  1361                           	global	_TX9D
  1362                           	global	_TX9D
  1363  0000                     	_TX9D	set	0x4C0	;byte address: 0x98
  1364                           
  1365                           	global	_TXEN
  1366                           	global	_TXEN
  1367  0000                     	_TXEN	set	0x4C5	;byte address: 0x98
  1368                           
  1369                           	global	_TXIE
  1370                           	global	_TXIE
  1371  0000                     	_TXIE	set	0x464	;byte address: 0x8C
  1372                           
  1373                           	global	_TXIF
  1374                           	global	_TXIF
  1375  0000                     	_TXIF	set	0x64	;byte address: 0xC
  1376                           
  1377                           	global	_UA
  1378                           	global	_UA
  1379  0000                     	_UA	set	0x4A1	;byte address: 0x94
  1380                           
  1381                           	global	_WCOL
  1382                           	global	_WCOL
  1383  0000                     	_WCOL	set	0xA7	;byte address: 0x14
  1384                           
  1385                           	global	_WR
  1386                           	global	_WR
  1387  0000                     	_WR	set	0xC61	;byte address: 0x18C
  1388                           
  1389                           	global	_WREN
  1390                           	global	_WREN
  1391  0000                     	_WREN	set	0xC62	;byte address: 0x18C
  1392                           
  1393                           	global	_WRERR
  1394                           	global	_WRERR
  1395  0000                     	_WRERR	set	0xC63	;byte address: 0x18C
  1396                           
  1397                           	global	_ZERO
  1398                           	global	_ZERO
  1399  0000                     	_ZERO	set	0x1A	;byte address: 0x3
  1400                           
  1401                           	PSECT	fnautoc,class=COMMON,space=1
  1402                           	FNCONF	fnautoc,??,?
  1403                           apbank macro
  1404                           	; no bank selection necessary for common memor
                                 y
  1405  0070                     	endm


HI-TECH Software PICC Macro Assembler V9.65PL1 build 4898 
Symbol Table                                          Mon Feb 27 02:51:38 2012

           l2 0075             l3 000B             l5 002B  
           l6 0017             l7 0040             l8 0060  
           l9 004C     __Lrdata_0 0000     __Lramdata 0000  
          l10 0075            _DA 04A5            _BF 04A0  
          _DC 0019            _PD 001B            _RD 0C60  
          _UA 04A1            u30 0040            u31 003F  
          u40 0075            u41 0074            u34 003C  
          u44 0071            _TO 001C            _RW 04A2  
          _WR 0C61           _CM0 04E0           _CM1 04E1  
         _CM2 04E2           _CKE 04A6           _IBF 044F  
         _CIS 04E3           _CKP 00A4           _GIE 005F  
         _BOR 0470           _RA0 0028           _RA1 0029  
         _RB0 0030           _RA2 002A           _RB1 0031  
         _RA3 002B           _RC0 0038           _RB2 0032  
         _RA4 002C           _RC1 0039           _RB3 0033  
         _RA5 002D           _RD0 0040           _RC2 003A  
         _RB4 0034           _RD1 0041           _RC3 003B  
         _RB5 0035           _RE0 0048           _RD2 0042  
         _RC4 003C           _RB6 0036           _RE1 0049  
         _RD3 0043           _RC5 003D           _RB7 0037  
         _RE2 004A           _RD4 0044           _RC6 003E  
         _RD5 0045           _RC7 003F           _RD6 0046  
         _OBF 044E           _RD7 0047           _FSR 0004  
         _PCL 0002           _PS0 0408           _PR2 0092  
         _PS1 0409           _RP0 001D           _PS2 040A  
         _PEN 048A           _IRP 001F           _RP1 001E  
         _SEN 0488           _PSA 040B           _POR 0471  
         _RX9 00C6           _SMP 04A7           _TX9 04C6  
        _ADIE 0466          _ADIF 0066          _ADFM 04FF  
        _ADGO 00FA      __tempreg 0070          _ADON 00F8  
        _CHS0 00FB          _CHS1 00FC          _CHS2 00FD  
        _EEIE 046C          _EEIF 006C          _GCEN 048F  
        _CMIE 046E          _CMIF 006E          _BRGH 04C2  
        _T0IE 005D          _T0IF 005A          _CREN 00C4  
        _T0CS 040D          _FERR 00C2          _IBOV 044D  
        _CVR0 04E8          _CVR1 04E9          _CVR2 04EA  
        _CVR3 04EB          _T0SE 040C          _CSRC 04C7  
        _INDF 0000          _PIE1 008C          _PIE2 008D  
        _CVRR 04ED          _PEIE 005E          _INTE 005C  
        _INTF 0059          _RBIE 005B          _RBIF 0058  
        _RCIE 0465          _RCIF 0065          _RCEN 048B  
        _PCON 008E          _PIR1 000C          _PIR2 000D  
        _OERR 00C1          _RBPU 040F          _RX9D 00C0  
        _TMR0 0001          _TMR2 0011          _WCOL 00A7  
        _SPEN 00C7          _RSEN 0489     __databank 0000  
        _TX9D 04C0          _SREN 00C5          _TRMT 04C1  
        _STOP 04A4          _ZERO 001A          _TXIE 0464  
        _WREN 0C62          _TXIF 0064          _TXEN 04C5  
        _SYNC 04C4          _main 0003          start 0000  
     _CCP1CON 0017       _CCP2CON 001D       _ACKSTAT 048E  
       _C1INV 04E4         _C2INV 04E5         _C1OUT 04E6  
       _C2OUT 04E7         _ADCS0 00FE         _ADCS1 00FF  
       _ADCS2 04FE         _ADDEN 00C3         ?_main 0070  
       _ACKEN 048C         _ACKDT 048D         _BCLIE 046B  
       _BCLIF 006B         _CCP1X 00BD         _CCP1Y 00BC  
       _CCP2X 00ED         _CCP2Y 00EC         _EEADR 010D  
       _CARRY 0018         _EEPGD 0C67         _CMCON 009C  
       _T1CON 0010         _T2CON 0012       _T1CKPS0 0084  
     _T1CKPS1 0085         _PCFG0 04F8         _PCFG1 04F9  
       _PCFG2 04FA         _PCFG3 04FB       _T2CKPS0 0090  
     _T2CKPS1 0091         _CVREN 04EF         _CVROE 04EE  
       _RCREG 001A         _RCSTA 0018         _TMR1H 000F  
       _TMR1L 000E         _SPBRG 0099         _PORTA 0005  
       _PORTB 0006       _T1OSCEN 0083         _PORTC 0007  
       _PORTD 0008         _PORTE 0009         _PSPIE 0467  
       _PSPIF 0067         _START 04A3         _SSPM0 00A0  
       _SSPM1 00A1         _SSPM2 00A2         _SSPM3 00A3  
       _TRISA 0085         _TRISB 0086         _TRISC 0087  
       _TRISD 0088         _SSPIE 0463         _TRISE 0089  
       _SSPIF 0063         _SSPEN 00A5         _SSPOV 00A6  
       _WRERR 0C63         _TXREG 0019         _TXSTA 0098  
     _PSPMODE 044C       _SSPCON2 0091       _SSPSTAT 0094  
     _TOUTPS0 0093       _TOUTPS1 0094       _TOUTPS2 0095  
     _TOUTPS3 0096         status 0003        ??_main 0070  
      _ADCON0 001F        _ADCON1 009F        _CCP1M0 00B8  
      _CCP1M1 00B9        _CCP1M2 00BA        _CCP1M3 00BB  
      _CCP2M0 00E8        _CCP2M1 00E9        _CCP2M2 00EA  
      _CCP2M3 00EB        _CCP1IE 0462        _CCP1IF 0062  
      _CCP2IE 0468        _CCP2IF 0068        _ADRESH 001E  
      _EEADRH 010F        _ADRESL 009E        _EEADRL 010D  
      _EEDATA 010C        _CCPR1H 0016        _EEDATH 010E  
      _CCPR2H 001C        _CCPR1L 0015        _CCPR2L 001B  
      _EECON1 018C        _EECON2 018D  __end_of_main 0079  
      _GODONE 00FA        _CVRCON 009D        _T1SYNC 0082  
      _INTEDG 040E        _PCLATH 000A        _INTCON 000B  
      _TMR0IE 005D        _TMR0IF 005A        _TMR1IE 0460  
      _TMR1IF 0060        _TMR1CS 0081        _TMR2IE 0461  
      _TMR2IF 0061        _TMR1ON 0080        _OPTION 0081  
      _TMR2ON 0092        _SSPADD 0093        _TRISA0 0428  
      _TRISA1 0429        _TRISB0 0430        _TRISA2 042A  
      _TRISB1 0431        _TRISA3 042B        _TRISC0 0438  
      _TRISB2 0432        _TRISA4 042C        _TRISC1 0439  
      _TRISB3 0433        _TRISA5 042D        _TRISD0 0440  
      _TRISC2 043A        _TRISB4 0434        _TRISD1 0441  
      _TRISC3 043B        _TRISB5 0435        _TRISE0 0448  
      _TRISD2 0442        _TRISC4 043C        _TRISB6 0436  
      _TRISE1 0449        _TRISD3 0443        _TRISC5 043D  
      _TRISB7 0437        _TRISE2 044A        _TRISD4 0444  
      _TRISC6 043E        _TRISD5 0445        _TRISC7 043F  
      _TRISD6 0446        _TRISD7 0447        _STATUS 0003  
      _SSPCON 0014        _SSPBUF 0013    _main_count 0070  
   __Hrdata_0 0001     __Hramdata 0001  
